[ 2019-03-03T10:03:20+08:00 ] ::1 /xinlida/
INFO: [ app_init ] --START--
INFO: Run Behavior\BuildLiteBehavior [ RunTime:0.000041s ]
INFO: [ app_init ] --END-- [ RunTime:0.018789s ]
INFO: [ app_begin ] --START--
INFO: Run Behavior\ReadHtmlCacheBehavior [ RunTime:0.021396s ]
INFO: [ app_begin ] --END-- [ RunTime:0.021493s ]
SQL: SHOW COLUMNS FROM `xld_fenlei` [ RunTime:0.0345s ]
SQL: SHOW COLUMNS FROM `xld_config` [ RunTime:0.0411s ]
SQL: SHOW COLUMNS FROM `xld_picture` [ RunTime:0.0318s ]
SQL: SHOW COLUMNS FROM `xld_picture` [ RunTime:0.0070s ]
SQL: SELECT * FROM `xld_picture`  [ RunTime:0.0004s ]
SQL: SHOW COLUMNS FROM `xld_fenlei` [ RunTime:0.0061s ]
SQL: SELECT * FROM `xld_fenlei`  [ RunTime:0.0005s ]
SQL: SHOW COLUMNS FROM `xld_config` [ RunTime:0.0074s ]
SQL: SELECT * FROM `xld_config` WHERE ( id = 1 ) LIMIT 1   [ RunTime:0.0010s ]
SQL: SHOW COLUMNS FROM `xld_article` [ RunTime:0.0202s ]
SQL: SHOW COLUMNS FROM `xld_article` [ RunTime:0.0070s ]
SQL: SELECT * FROM `xld_article` WHERE `title` = '公司简介' LIMIT 1   [ RunTime:0.0147s ]
SQL: SELECT * FROM `xld_article` WHERE `fenlei` = 0 ORDER BY id DESC LIMIT 6   [ RunTime:0.0005s ]
SQL: SELECT * FROM `xld_article` WHERE `fenlei` = 1 ORDER BY id DESC LIMIT 6   [ RunTime:0.0004s ]
SQL: SELECT * FROM `xld_article` WHERE `fenlei` = 2 ORDER BY id DESC LIMIT 6   [ RunTime:0.0005s ]
SQL: SHOW COLUMNS FROM `xld_product` [ RunTime:0.0476s ]
SQL: SHOW COLUMNS FROM `xld_product` [ RunTime:0.0068s ]
SQL: SELECT * FROM `xld_product`  [ RunTime:0.0181s ]
SQL: SHOW COLUMNS FROM `xld_yqlj` [ RunTime:0.0454s ]
SQL: SHOW COLUMNS FROM `xld_yqlj` [ RunTime:0.0057s ]
SQL: SELECT * FROM `xld_yqlj`  [ RunTime:0.0004s ]
INFO: [ view_parse ] --START--
INFO: [ template_filter ] --START--
INFO: Run Behavior\ContentReplaceBehavior [ RunTime:0.000430s ]
INFO: [ template_filter ] --END-- [ RunTime:0.000486s ]
NOTIC: [8] Use of undefined constant url - assumed 'url' D:\phpStudy\PHPTutorial\WWW\xinlida\Application\Runtime\Cache\Home\2a94b8bda04ff446dcedd42276fc99ee.php 第 23 行.
NOTIC: [8] Use of undefined constant url - assumed 'url' D:\phpStudy\PHPTutorial\WWW\xinlida\Application\Runtime\Cache\Home\2a94b8bda04ff446dcedd42276fc99ee.php 第 41 行.
NOTIC: [8] Use of undefined constant url - assumed 'url' D:\phpStudy\PHPTutorial\WWW\xinlida\Application\Runtime\Cache\Home\2a94b8bda04ff446dcedd42276fc99ee.php 第 60 行.
INFO: Run Behavior\ParseTemplateBehavior [ RunTime:0.086933s ]
INFO: [ view_parse ] --END-- [ RunTime:0.086996s ]
INFO: [ view_filter ] --START--
INFO: Run Behavior\WriteHtmlCacheBehavior [ RunTime:0.019574s ]
INFO: [ view_filter ] --END-- [ RunTime:0.019627s ]
INFO: [ app_end ] --START--
INFO: Run Behavior\ShowPageTraceBehavior [ RunTime:0.023722s ]
INFO: [ app_end ] --END-- [ RunTime:0.023858s ]

[ 2019-03-03T10:03:35+08:00 ] ::1 /xinlida/Home/Index/jisuanqi
INFO: [ app_init ] --START--
INFO: Run Behavior\BuildLiteBehavior [ RunTime:0.000014s ]
INFO: [ app_init ] --END-- [ RunTime:0.000608s ]
INFO: [ app_begin ] --START--
INFO: Run Behavior\ReadHtmlCacheBehavior [ RunTime:0.001596s ]
INFO: [ app_begin ] --END-- [ RunTime:0.001667s ]
SQL: SHOW COLUMNS FROM `xld_fenlei` [ RunTime:0.0063s ]
SQL: SHOW COLUMNS FROM `xld_config` [ RunTime:0.0061s ]
SQL: SHOW COLUMNS FROM `xld_picture` [ RunTime:0.0062s ]
SQL: SHOW COLUMNS FROM `xld_picture` [ RunTime:0.0047s ]
SQL: SELECT * FROM `xld_picture`  [ RunTime:0.0003s ]
SQL: SHOW COLUMNS FROM `xld_fenlei` [ RunTime:0.0042s ]
SQL: SELECT * FROM `xld_fenlei`  [ RunTime:0.0004s ]
SQL: SHOW COLUMNS FROM `xld_config` [ RunTime:0.0073s ]
SQL: SELECT * FROM `xld_config` WHERE ( id = 1 ) LIMIT 1   [ RunTime:0.0004s ]
INFO: [ view_parse ] --START--
INFO: [ template_filter ] --START--
INFO: Run Behavior\ContentReplaceBehavior [ RunTime:0.000047s ]
INFO: [ template_filter ] --END-- [ RunTime:0.000083s ]
NOTIC: [8] Use of undefined constant url - assumed 'url' D:\phpStudy\PHPTutorial\WWW\xinlida\Application\Runtime\Cache\Home\008e97fce64965e184e4b8c59758a7d2.php 第 20 行.
NOTIC: [8] Use of undefined constant url - assumed 'url' D:\phpStudy\PHPTutorial\WWW\xinlida\Application\Runtime\Cache\Home\008e97fce64965e184e4b8c59758a7d2.php 第 39 行.
INFO: Run Behavior\ParseTemplateBehavior [ RunTime:0.116674s ]
INFO: [ view_parse ] --END-- [ RunTime:0.116747s ]
INFO: [ view_filter ] --START--
INFO: Run Behavior\WriteHtmlCacheBehavior [ RunTime:0.000751s ]
INFO: [ view_filter ] --END-- [ RunTime:0.000799s ]
INFO: [ app_end ] --START--
INFO: Run Behavior\ShowPageTraceBehavior [ RunTime:0.001504s ]
INFO: [ app_end ] --END-- [ RunTime:0.001554s ]

[ 2019-03-03T10:03:41+08:00 ] ::1 /xinlida/index.php/Home/Index/gsjj.html
INFO: [ app_init ] --START--
INFO: Run Behavior\BuildLiteBehavior [ RunTime:0.000012s ]
INFO: [ app_init ] --END-- [ RunTime:0.000529s ]
INFO: [ app_begin ] --START--
INFO: Run Behavior\ReadHtmlCacheBehavior [ RunTime:0.001116s ]
INFO: [ app_begin ] --END-- [ RunTime:0.001171s ]
SQL: SHOW COLUMNS FROM `xld_fenlei` [ RunTime:0.0043s ]
SQL: SHOW COLUMNS FROM `xld_config` [ RunTime:0.0057s ]
SQL: SHOW COLUMNS FROM `xld_picture` [ RunTime:0.0056s ]
SQL: SHOW COLUMNS FROM `xld_picture` [ RunTime:0.0044s ]
SQL: SELECT * FROM `xld_picture`  [ RunTime:0.0003s ]
SQL: SHOW COLUMNS FROM `xld_fenlei` [ RunTime:0.0061s ]
SQL: SELECT * FROM `xld_fenlei`  [ RunTime:0.0004s ]
SQL: SHOW COLUMNS FROM `xld_config` [ RunTime:0.0047s ]
SQL: SELECT * FROM `xld_config` WHERE ( id = 1 ) LIMIT 1   [ RunTime:0.0004s ]
SQL: SHOW COLUMNS FROM `xld_article` [ RunTime:0.0050s ]
SQL: SHOW COLUMNS FROM `xld_article` [ RunTime:0.0057s ]
SQL: SELECT * FROM `xld_article` WHERE `title` = '公司简介' LIMIT 1   [ RunTime:0.0003s ]
INFO: [ view_parse ] --START--
INFO: [ template_filter ] --START--
INFO: Run Behavior\ContentReplaceBehavior [ RunTime:0.000045s ]
INFO: [ template_filter ] --END-- [ RunTime:0.000093s ]
NOTIC: [8] Use of undefined constant url - assumed 'url' D:\phpStudy\PHPTutorial\WWW\xinlida\Application\Runtime\Cache\Home\eaa732e2acbba036712ce88b1aa20419.php 第 20 行.
NOTIC: [8] Use of undefined constant url - assumed 'url' D:\phpStudy\PHPTutorial\WWW\xinlida\Application\Runtime\Cache\Home\eaa732e2acbba036712ce88b1aa20419.php 第 38 行.
INFO: Run Behavior\ParseTemplateBehavior [ RunTime:0.079502s ]
INFO: [ view_parse ] --END-- [ RunTime:0.079544s ]
INFO: [ view_filter ] --START--
INFO: Run Behavior\WriteHtmlCacheBehavior [ RunTime:0.000809s ]
INFO: [ view_filter ] --END-- [ RunTime:0.000857s ]
INFO: [ app_end ] --START--
INFO: Run Behavior\ShowPageTraceBehavior [ RunTime:0.001360s ]
INFO: [ app_end ] --END-- [ RunTime:0.001403s ]

[ 2019-03-03T10:03:42+08:00 ] ::1 /xinlida/index.php/Home/Index/product.html
INFO: [ app_init ] --START--
INFO: Run Behavior\BuildLiteBehavior [ RunTime:0.000013s ]
INFO: [ app_init ] --END-- [ RunTime:0.000524s ]
INFO: [ app_begin ] --START--
INFO: Run Behavior\ReadHtmlCacheBehavior [ RunTime:0.000670s ]
INFO: [ app_begin ] --END-- [ RunTime:0.000711s ]
SQL: SHOW COLUMNS FROM `xld_fenlei` [ RunTime:0.0053s ]
SQL: SHOW COLUMNS FROM `xld_config` [ RunTime:0.0049s ]
SQL: SHOW COLUMNS FROM `xld_picture` [ RunTime:0.0055s ]
SQL: SHOW COLUMNS FROM `xld_picture` [ RunTime:0.0047s ]
SQL: SELECT * FROM `xld_picture`  [ RunTime:0.0003s ]
SQL: SHOW COLUMNS FROM `xld_fenlei` [ RunTime:0.0049s ]
SQL: SELECT * FROM `xld_fenlei`  [ RunTime:0.0003s ]
SQL: SHOW COLUMNS FROM `xld_config` [ RunTime:0.0057s ]
SQL: SELECT * FROM `xld_config` WHERE ( id = 1 ) LIMIT 1   [ RunTime:0.0006s ]
SQL: SHOW COLUMNS FROM `xld_product` [ RunTime:0.0048s ]
NOTIC: [8] Undefined index: p D:\phpStudy\PHPTutorial\WWW\xinlida\Application\Home\Controller\IndexController.class.php 第 47 行.
NOTIC: [8] Use of undefined constant id - assumed 'id' D:\phpStudy\PHPTutorial\WWW\xinlida\Application\Home\Controller\IndexController.class.php 第 53 行.
NOTIC: [8] Undefined index: id D:\phpStudy\PHPTutorial\WWW\xinlida\Application\Home\Controller\IndexController.class.php 第 53 行.
SQL: SELECT * FROM `xld_product` ORDER BY id DESC LIMIT 0,8   [ RunTime:0.0004s ]
SQL: SELECT COUNT(*) AS tp_count FROM `xld_product` LIMIT 1   [ RunTime:0.0003s ]
INFO: [ view_parse ] --START--
INFO: [ template_filter ] --START--
INFO: Run Behavior\ContentReplaceBehavior [ RunTime:0.000039s ]
INFO: [ template_filter ] --END-- [ RunTime:0.000076s ]
NOTIC: [8] Use of undefined constant url - assumed 'url' D:\phpStudy\PHPTutorial\WWW\xinlida\Application\Runtime\Cache\Home\2f4de9210f0faaf5e0fea0bc42744adb.php 第 20 行.
NOTIC: [8] Use of undefined constant url - assumed 'url' D:\phpStudy\PHPTutorial\WWW\xinlida\Application\Runtime\Cache\Home\2f4de9210f0faaf5e0fea0bc42744adb.php 第 40 行.
INFO: Run Behavior\ParseTemplateBehavior [ RunTime:0.008835s ]
INFO: [ view_parse ] --END-- [ RunTime:0.008878s ]
INFO: [ view_filter ] --START--
INFO: Run Behavior\WriteHtmlCacheBehavior [ RunTime:0.000808s ]
INFO: [ view_filter ] --END-- [ RunTime:0.000842s ]
INFO: [ app_end ] --START--
INFO: Run Behavior\ShowPageTraceBehavior [ RunTime:0.001011s ]
INFO: [ app_end ] --END-- [ RunTime:0.001051s ]

[ 2019-03-03T10:03:44+08:00 ] ::1 /xinlida/index.php/Home/Index/xhzy.html
INFO: [ app_init ] --START--
INFO: Run Behavior\BuildLiteBehavior [ RunTime:0.000012s ]
INFO: [ app_init ] --END-- [ RunTime:0.000507s ]
INFO: [ app_begin ] --START--
INFO: Run Behavior\ReadHtmlCacheBehavior [ RunTime:0.000829s ]
INFO: [ app_begin ] --END-- [ RunTime:0.000884s ]
SQL: SHOW COLUMNS FROM `xld_fenlei` [ RunTime:0.0048s ]
SQL: SHOW COLUMNS FROM `xld_config` [ RunTime:0.0054s ]
SQL: SHOW COLUMNS FROM `xld_picture` [ RunTime:0.0047s ]
SQL: SHOW COLUMNS FROM `xld_picture` [ RunTime:0.0045s ]
SQL: SELECT * FROM `xld_picture`  [ RunTime:0.0003s ]
SQL: SHOW COLUMNS FROM `xld_fenlei` [ RunTime:0.0050s ]
SQL: SELECT * FROM `xld_fenlei`  [ RunTime:0.0003s ]
SQL: SHOW COLUMNS FROM `xld_config` [ RunTime:0.0052s ]
SQL: SELECT * FROM `xld_config` WHERE ( id = 1 ) LIMIT 1   [ RunTime:0.0005s ]
SQL: SHOW COLUMNS FROM `xld_article` [ RunTime:0.0047s ]
SQL: SHOW COLUMNS FROM `xld_article` [ RunTime:0.0050s ]
SQL: SELECT * FROM `xld_article` WHERE `title` = '现货资源' LIMIT 1   [ RunTime:0.0004s ]
INFO: [ view_parse ] --START--
INFO: [ template_filter ] --START--
INFO: Run Behavior\ContentReplaceBehavior [ RunTime:0.000054s ]
INFO: [ template_filter ] --END-- [ RunTime:0.000122s ]
NOTIC: [8] Use of undefined constant url - assumed 'url' D:\phpStudy\PHPTutorial\WWW\xinlida\Application\Runtime\Cache\Home\52aa7cb9a5135d61e79a92240b9e7c79.php 第 20 行.
NOTIC: [8] Use of undefined constant url - assumed 'url' D:\phpStudy\PHPTutorial\WWW\xinlida\Application\Runtime\Cache\Home\52aa7cb9a5135d61e79a92240b9e7c79.php 第 38 行.
INFO: Run Behavior\ParseTemplateBehavior [ RunTime:0.011960s ]
INFO: [ view_parse ] --END-- [ RunTime:0.012013s ]
INFO: [ view_filter ] --START--
INFO: Run Behavior\WriteHtmlCacheBehavior [ RunTime:0.000907s ]
INFO: [ view_filter ] --END-- [ RunTime:0.000948s ]
INFO: [ app_end ] --START--
INFO: Run Behavior\ShowPageTraceBehavior [ RunTime:0.001576s ]
INFO: [ app_end ] --END-- [ RunTime:0.001649s ]

[ 2019-03-03T10:03:45+08:00 ] ::1 /xinlida/index.php/Home/Index/product.html
INFO: [ app_init ] --START--
INFO: Run Behavior\BuildLiteBehavior [ RunTime:0.000013s ]
INFO: [ app_init ] --END-- [ RunTime:0.000570s ]
INFO: [ app_begin ] --START--
INFO: Run Behavior\ReadHtmlCacheBehavior [ RunTime:0.000884s ]
INFO: [ app_begin ] --END-- [ RunTime:0.000939s ]
SQL: SHOW COLUMNS FROM `xld_fenlei` [ RunTime:0.0044s ]
SQL: SHOW COLUMNS FROM `xld_config` [ RunTime:0.0051s ]
SQL: SHOW COLUMNS FROM `xld_picture` [ RunTime:0.0068s ]
SQL: SHOW COLUMNS FROM `xld_picture` [ RunTime:0.0047s ]
SQL: SELECT * FROM `xld_picture`  [ RunTime:0.0003s ]
SQL: SHOW COLUMNS FROM `xld_fenlei` [ RunTime:0.0051s ]
SQL: SELECT * FROM `xld_fenlei`  [ RunTime:0.0004s ]
SQL: SHOW COLUMNS FROM `xld_config` [ RunTime:0.0055s ]
SQL: SELECT * FROM `xld_config` WHERE ( id = 1 ) LIMIT 1   [ RunTime:0.0004s ]
SQL: SHOW COLUMNS FROM `xld_product` [ RunTime:0.0049s ]
NOTIC: [8] Undefined index: p D:\phpStudy\PHPTutorial\WWW\xinlida\Application\Home\Controller\IndexController.class.php 第 47 行.
NOTIC: [8] Use of undefined constant id - assumed 'id' D:\phpStudy\PHPTutorial\WWW\xinlida\Application\Home\Controller\IndexController.class.php 第 53 行.
NOTIC: [8] Undefined index: id D:\phpStudy\PHPTutorial\WWW\xinlida\Application\Home\Controller\IndexController.class.php 第 53 行.
SQL: SELECT * FROM `xld_product` ORDER BY id DESC LIMIT 0,8   [ RunTime:0.0004s ]
SQL: SELECT COUNT(*) AS tp_count FROM `xld_product` LIMIT 1   [ RunTime:0.0002s ]
INFO: [ view_parse ] --START--
INFO: [ template_filter ] --START--
INFO: Run Behavior\ContentReplaceBehavior [ RunTime:0.000038s ]
INFO: [ template_filter ] --END-- [ RunTime:0.000076s ]
NOTIC: [8] Use of undefined constant url - assumed 'url' D:\phpStudy\PHPTutorial\WWW\xinlida\Application\Runtime\Cache\Home\2f4de9210f0faaf5e0fea0bc42744adb.php 第 20 行.
NOTIC: [8] Use of undefined constant url - assumed 'url' D:\phpStudy\PHPTutorial\WWW\xinlida\Application\Runtime\Cache\Home\2f4de9210f0faaf5e0fea0bc42744adb.php 第 40 行.
INFO: Run Behavior\ParseTemplateBehavior [ RunTime:0.009987s ]
INFO: [ view_parse ] --END-- [ RunTime:0.010032s ]
INFO: [ view_filter ] --START--
INFO: Run Behavior\WriteHtmlCacheBehavior [ RunTime:0.000663s ]
INFO: [ view_filter ] --END-- [ RunTime:0.000693s ]
INFO: [ app_end ] --START--
INFO: Run Behavior\ShowPageTraceBehavior [ RunTime:0.000885s ]
INFO: [ app_end ] --END-- [ RunTime:0.000933s ]

[ 2019-03-03T10:03:47+08:00 ] ::1 /xinlida/index.php/Home/Index/xhzy.html
INFO: [ app_init ] --START--
INFO: Run Behavior\BuildLiteBehavior [ RunTime:0.000025s ]
INFO: [ app_init ] --END-- [ RunTime:0.000990s ]
INFO: [ app_begin ] --START--
INFO: Run Behavior\ReadHtmlCacheBehavior [ RunTime:0.001003s ]
INFO: [ app_begin ] --END-- [ RunTime:0.001093s ]
SQL: SHOW COLUMNS FROM `xld_fenlei` [ RunTime:0.0060s ]
SQL: SHOW COLUMNS FROM `xld_config` [ RunTime:0.0057s ]
SQL: SHOW COLUMNS FROM `xld_picture` [ RunTime:0.0049s ]
SQL: SHOW COLUMNS FROM `xld_picture` [ RunTime:0.0048s ]
SQL: SELECT * FROM `xld_picture`  [ RunTime:0.0024s ]
SQL: SHOW COLUMNS FROM `xld_fenlei` [ RunTime:0.0047s ]
SQL: SELECT * FROM `xld_fenlei`  [ RunTime:0.0003s ]
SQL: SHOW COLUMNS FROM `xld_config` [ RunTime:0.0050s ]
SQL: SELECT * FROM `xld_config` WHERE ( id = 1 ) LIMIT 1   [ RunTime:0.0004s ]
SQL: SHOW COLUMNS FROM `xld_article` [ RunTime:0.0060s ]
SQL: SHOW COLUMNS FROM `xld_article` [ RunTime:0.0055s ]
SQL: SELECT * FROM `xld_article` WHERE `title` = '现货资源' LIMIT 1   [ RunTime:0.0003s ]
INFO: [ view_parse ] --START--
INFO: [ template_filter ] --START--
INFO: Run Behavior\ContentReplaceBehavior [ RunTime:0.000073s ]
INFO: [ template_filter ] --END-- [ RunTime:0.000147s ]
NOTIC: [8] Use of undefined constant url - assumed 'url' D:\phpStudy\PHPTutorial\WWW\xinlida\Application\Runtime\Cache\Home\52aa7cb9a5135d61e79a92240b9e7c79.php 第 20 行.
NOTIC: [8] Use of undefined constant url - assumed 'url' D:\phpStudy\PHPTutorial\WWW\xinlida\Application\Runtime\Cache\Home\52aa7cb9a5135d61e79a92240b9e7c79.php 第 38 行.
INFO: Run Behavior\ParseTemplateBehavior [ RunTime:0.008628s ]
INFO: [ view_parse ] --END-- [ RunTime:0.008672s ]
INFO: [ view_filter ] --START--
INFO: Run Behavior\WriteHtmlCacheBehavior [ RunTime:0.000656s ]
INFO: [ view_filter ] --END-- [ RunTime:0.000689s ]
INFO: [ app_end ] --START--
INFO: Run Behavior\ShowPageTraceBehavior [ RunTime:0.001198s ]
INFO: [ app_end ] --END-- [ RunTime:0.001275s ]

[ 2019-03-03T10:03:48+08:00 ] ::1 /xinlida/index.php/Home/Index/kczy.html
INFO: [ app_init ] --START--
INFO: Run Behavior\BuildLiteBehavior [ RunTime:0.000013s ]
INFO: [ app_init ] --END-- [ RunTime:0.000510s ]
INFO: [ app_begin ] --START--
INFO: Run Behavior\ReadHtmlCacheBehavior [ RunTime:0.000701s ]
INFO: [ app_begin ] --END-- [ RunTime:0.000743s ]
SQL: SHOW COLUMNS FROM `xld_fenlei` [ RunTime:0.0053s ]
SQL: SHOW COLUMNS FROM `xld_config` [ RunTime:0.0074s ]
SQL: SHOW COLUMNS FROM `xld_picture` [ RunTime:0.0050s ]
SQL: SHOW COLUMNS FROM `xld_picture` [ RunTime:0.0046s ]
SQL: SELECT * FROM `xld_picture`  [ RunTime:0.0003s ]
SQL: SHOW COLUMNS FROM `xld_fenlei` [ RunTime:0.0043s ]
SQL: SELECT * FROM `xld_fenlei`  [ RunTime:0.0003s ]
SQL: SHOW COLUMNS FROM `xld_config` [ RunTime:0.0050s ]
SQL: SELECT * FROM `xld_config` WHERE ( id = 1 ) LIMIT 1   [ RunTime:0.0005s ]
SQL: SHOW COLUMNS FROM `xld_article` [ RunTime:0.0048s ]
SQL: SHOW COLUMNS FROM `xld_article` [ RunTime:0.0046s ]
SQL: SELECT * FROM `xld_article` WHERE `title` = '库存展示' LIMIT 1   [ RunTime:0.0004s ]
INFO: [ view_parse ] --START--
INFO: [ template_filter ] --START--
INFO: Run Behavior\ContentReplaceBehavior [ RunTime:0.000035s ]
INFO: [ template_filter ] --END-- [ RunTime:0.000073s ]
NOTIC: [8] Use of undefined constant url - assumed 'url' D:\phpStudy\PHPTutorial\WWW\xinlida\Application\Runtime\Cache\Home\e2b38e5e8a52afe04249d674cdad17d1.php 第 20 行.
NOTIC: [8] Use of undefined constant url - assumed 'url' D:\phpStudy\PHPTutorial\WWW\xinlida\Application\Runtime\Cache\Home\e2b38e5e8a52afe04249d674cdad17d1.php 第 38 行.
INFO: Run Behavior\ParseTemplateBehavior [ RunTime:0.009812s ]
INFO: [ view_parse ] --END-- [ RunTime:0.009863s ]
INFO: [ view_filter ] --START--
INFO: Run Behavior\WriteHtmlCacheBehavior [ RunTime:0.000808s ]
INFO: [ view_filter ] --END-- [ RunTime:0.000843s ]
INFO: [ app_end ] --START--
INFO: Run Behavior\ShowPageTraceBehavior [ RunTime:0.000960s ]
INFO: [ app_end ] --END-- [ RunTime:0.000997s ]

[ 2019-03-03T10:06:46+08:00 ] ::1 /xinlida/index.php/Home/Index/product.html
INFO: [ app_init ] --START--
INFO: Run Behavior\BuildLiteBehavior [ RunTime:0.000013s ]
INFO: [ app_init ] --END-- [ RunTime:0.000568s ]
INFO: [ app_begin ] --START--
INFO: Run Behavior\ReadHtmlCacheBehavior [ RunTime:0.000925s ]
INFO: [ app_begin ] --END-- [ RunTime:0.000992s ]
SQL: SHOW COLUMNS FROM `xld_fenlei` [ RunTime:0.0058s ]
SQL: SHOW COLUMNS FROM `xld_config` [ RunTime:0.0059s ]
SQL: SHOW COLUMNS FROM `xld_picture` [ RunTime:0.0048s ]
SQL: SHOW COLUMNS FROM `xld_picture` [ RunTime:0.0061s ]
SQL: SELECT * FROM `xld_picture`  [ RunTime:0.0003s ]
SQL: SHOW COLUMNS FROM `xld_fenlei` [ RunTime:0.0061s ]
SQL: SELECT * FROM `xld_fenlei`  [ RunTime:0.0003s ]
SQL: SHOW COLUMNS FROM `xld_config` [ RunTime:0.0078s ]
SQL: SELECT * FROM `xld_config` WHERE ( id = 1 ) LIMIT 1   [ RunTime:0.0004s ]
SQL: SHOW COLUMNS FROM `xld_product` [ RunTime:0.0047s ]
NOTIC: [8] Undefined index: p D:\phpStudy\PHPTutorial\WWW\xinlida\Application\Home\Controller\IndexController.class.php 第 47 行.
NOTIC: [8] Use of undefined constant id - assumed 'id' D:\phpStudy\PHPTutorial\WWW\xinlida\Application\Home\Controller\IndexController.class.php 第 53 行.
NOTIC: [8] Undefined index: id D:\phpStudy\PHPTutorial\WWW\xinlida\Application\Home\Controller\IndexController.class.php 第 53 行.
SQL: SELECT * FROM `xld_product` ORDER BY id DESC LIMIT 0,8   [ RunTime:0.0006s ]
SQL: SELECT COUNT(*) AS tp_count FROM `xld_product` LIMIT 1   [ RunTime:0.0003s ]
INFO: [ view_parse ] --START--
INFO: [ template_filter ] --START--
INFO: Run Behavior\ContentReplaceBehavior [ RunTime:0.000045s ]
INFO: [ template_filter ] --END-- [ RunTime:0.000102s ]
NOTIC: [8] Use of undefined constant url - assumed 'url' D:\phpStudy\PHPTutorial\WWW\xinlida\Application\Runtime\Cache\Home\2f4de9210f0faaf5e0fea0bc42744adb.php 第 20 行.
NOTIC: [8] Use of undefined constant url - assumed 'url' D:\phpStudy\PHPTutorial\WWW\xinlida\Application\Runtime\Cache\Home\2f4de9210f0faaf5e0fea0bc42744adb.php 第 40 行.
INFO: Run Behavior\ParseTemplateBehavior [ RunTime:0.011791s ]
INFO: [ view_parse ] --END-- [ RunTime:0.011852s ]
INFO: [ view_filter ] --START--
INFO: Run Behavior\WriteHtmlCacheBehavior [ RunTime:0.000766s ]
INFO: [ view_filter ] --END-- [ RunTime:0.000816s ]
INFO: [ app_end ] --START--
INFO: Run Behavior\ShowPageTraceBehavior [ RunTime:0.001339s ]
INFO: [ app_end ] --END-- [ RunTime:0.001404s ]

[ 2019-03-03T10:06:49+08:00 ] ::1 /xinlida/index.php/Home/Index/chanpin/id/11.html
INFO: [ app_init ] --START--
INFO: Run Behavior\BuildLiteBehavior [ RunTime:0.000012s ]
INFO: [ app_init ] --END-- [ RunTime:0.000446s ]
INFO: [ app_begin ] --START--
INFO: Run Behavior\ReadHtmlCacheBehavior [ RunTime:0.000731s ]
INFO: [ app_begin ] --END-- [ RunTime:0.000785s ]
SQL: SHOW COLUMNS FROM `xld_fenlei` [ RunTime:0.0050s ]
SQL: SHOW COLUMNS FROM `xld_config` [ RunTime:0.0096s ]
SQL: SHOW COLUMNS FROM `xld_picture` [ RunTime:0.0055s ]
SQL: SHOW COLUMNS FROM `xld_picture` [ RunTime:0.0062s ]
SQL: SELECT * FROM `xld_picture`  [ RunTime:0.0003s ]
SQL: SHOW COLUMNS FROM `xld_fenlei` [ RunTime:0.0046s ]
SQL: SELECT * FROM `xld_fenlei`  [ RunTime:0.0004s ]
SQL: SHOW COLUMNS FROM `xld_config` [ RunTime:0.0048s ]
SQL: SELECT * FROM `xld_config` WHERE ( id = 1 ) LIMIT 1   [ RunTime:0.0004s ]
SQL: SHOW COLUMNS FROM `xld_product` [ RunTime:0.0055s ]
SQL: SHOW COLUMNS FROM `xld_product` [ RunTime:0.0046s ]
SQL: SELECT * FROM `xld_product` WHERE `id` = '11' LIMIT 1   [ RunTime:0.0003s ]
INFO: [ view_parse ] --START--
INFO: [ template_filter ] --START--
INFO: Run Behavior\ContentReplaceBehavior [ RunTime:0.000048s ]
INFO: [ template_filter ] --END-- [ RunTime:0.000083s ]
NOTIC: [8] Use of undefined constant url - assumed 'url' D:\phpStudy\PHPTutorial\WWW\xinlida\Application\Runtime\Cache\Home\77acd836c64bea4886885b716cc0a818.php 第 20 行.
NOTIC: [8] Use of undefined constant url - assumed 'url' D:\phpStudy\PHPTutorial\WWW\xinlida\Application\Runtime\Cache\Home\77acd836c64bea4886885b716cc0a818.php 第 38 行.
INFO: Run Behavior\ParseTemplateBehavior [ RunTime:0.009342s ]
INFO: [ view_parse ] --END-- [ RunTime:0.009407s ]
INFO: [ view_filter ] --START--
INFO: Run Behavior\WriteHtmlCacheBehavior [ RunTime:0.001098s ]
INFO: [ view_filter ] --END-- [ RunTime:0.001150s ]
INFO: [ app_end ] --START--
INFO: Run Behavior\ShowPageTraceBehavior [ RunTime:0.001230s ]
INFO: [ app_end ] --END-- [ RunTime:0.001285s ]

[ 2019-03-03T10:13:51+08:00 ] ::1 /xinlida/index.php/Home/Index/chanpin/id/11.html
INFO: [ app_init ] --START--
INFO: Run Behavior\BuildLiteBehavior [ RunTime:0.000013s ]
INFO: [ app_init ] --END-- [ RunTime:0.000562s ]
INFO: [ app_begin ] --START--
INFO: Run Behavior\ReadHtmlCacheBehavior [ RunTime:0.000988s ]
INFO: [ app_begin ] --END-- [ RunTime:0.001055s ]
SQL: SHOW COLUMNS FROM `xld_fenlei` [ RunTime:0.0076s ]
SQL: SHOW COLUMNS FROM `xld_config` [ RunTime:0.0053s ]
SQL: SHOW COLUMNS FROM `xld_picture` [ RunTime:0.0043s ]
SQL: SHOW COLUMNS FROM `xld_picture` [ RunTime:0.0046s ]
SQL: SELECT * FROM `xld_picture`  [ RunTime:0.0003s ]
SQL: SHOW COLUMNS FROM `xld_fenlei` [ RunTime:0.0043s ]
SQL: SELECT * FROM `xld_fenlei`  [ RunTime:0.0003s ]
SQL: SHOW COLUMNS FROM `xld_config` [ RunTime:0.0045s ]
SQL: SELECT * FROM `xld_config` WHERE ( id = 1 ) LIMIT 1   [ RunTime:0.0004s ]
SQL: SHOW COLUMNS FROM `xld_product` [ RunTime:0.0054s ]
SQL: SHOW COLUMNS FROM `xld_product` [ RunTime:0.0056s ]
SQL: SELECT * FROM `xld_product` WHERE `id` = '11' LIMIT 1   [ RunTime:0.0003s ]
INFO: [ view_parse ] --START--
INFO: [ template_filter ] --START--
INFO: Run Behavior\ContentReplaceBehavior [ RunTime:0.000041s ]
INFO: [ template_filter ] --END-- [ RunTime:0.000080s ]
NOTIC: [8] Use of undefined constant url - assumed 'url' D:\phpStudy\PHPTutorial\WWW\xinlida\Application\Runtime\Cache\Home\77acd836c64bea4886885b716cc0a818.php 第 20 行.
NOTIC: [8] Use of undefined constant url - assumed 'url' D:\phpStudy\PHPTutorial\WWW\xinlida\Application\Runtime\Cache\Home\77acd836c64bea4886885b716cc0a818.php 第 38 行.
INFO: Run Behavior\ParseTemplateBehavior [ RunTime:0.009129s ]
INFO: [ view_parse ] --END-- [ RunTime:0.009196s ]
INFO: [ view_filter ] --START--
INFO: Run Behavior\WriteHtmlCacheBehavior [ RunTime:0.001302s ]
INFO: [ view_filter ] --END-- [ RunTime:0.001357s ]
INFO: [ app_end ] --START--
INFO: Run Behavior\ShowPageTraceBehavior [ RunTime:0.001031s ]
INFO: [ app_end ] --END-- [ RunTime:0.001081s ]

[ 2019-03-03T10:42:03+08:00 ] ::1 /xinlida/index.php/Home/Index/chanpin/id/11.html
INFO: [ app_init ] --START--
INFO: Run Behavior\BuildLiteBehavior [ RunTime:0.000016s ]
INFO: [ app_init ] --END-- [ RunTime:0.000658s ]
INFO: [ app_begin ] --START--
INFO: Run Behavior\ReadHtmlCacheBehavior [ RunTime:0.001126s ]
INFO: [ app_begin ] --END-- [ RunTime:0.001204s ]
SQL: SHOW COLUMNS FROM `xld_fenlei` [ RunTime:0.0082s ]
SQL: SHOW COLUMNS FROM `xld_config` [ RunTime:0.0064s ]
SQL: SHOW COLUMNS FROM `xld_picture` [ RunTime:0.0079s ]
SQL: SHOW COLUMNS FROM `xld_picture` [ RunTime:0.0052s ]
SQL: SELECT * FROM `xld_picture`  [ RunTime:0.0003s ]
SQL: SHOW COLUMNS FROM `xld_fenlei` [ RunTime:0.0043s ]
SQL: SELECT * FROM `xld_fenlei`  [ RunTime:0.0005s ]
SQL: SHOW COLUMNS FROM `xld_config` [ RunTime:0.0063s ]
SQL: SELECT * FROM `xld_config` WHERE ( id = 1 ) LIMIT 1   [ RunTime:0.0004s ]
SQL: SHOW COLUMNS FROM `xld_product` [ RunTime:0.0063s ]
SQL: SHOW COLUMNS FROM `xld_product` [ RunTime:0.0061s ]
SQL: SELECT * FROM `xld_product` WHERE `id` = '11' LIMIT 1   [ RunTime:0.0003s ]
INFO: [ view_parse ] --START--
INFO: [ template_filter ] --START--
INFO: Run Behavior\ContentReplaceBehavior [ RunTime:0.000040s ]
INFO: [ template_filter ] --END-- [ RunTime:0.000081s ]
NOTIC: [8] Use of undefined constant url - assumed 'url' D:\phpStudy\PHPTutorial\WWW\xinlida\Application\Runtime\Cache\Home\77acd836c64bea4886885b716cc0a818.php 第 20 行.
NOTIC: [8] Use of undefined constant url - assumed 'url' D:\phpStudy\PHPTutorial\WWW\xinlida\Application\Runtime\Cache\Home\77acd836c64bea4886885b716cc0a818.php 第 38 行.
INFO: Run Behavior\ParseTemplateBehavior [ RunTime:0.009772s ]
INFO: [ view_parse ] --END-- [ RunTime:0.009836s ]
INFO: [ view_filter ] --START--
INFO: Run Behavior\WriteHtmlCacheBehavior [ RunTime:0.000716s ]
INFO: [ view_filter ] --END-- [ RunTime:0.000776s ]
INFO: [ app_end ] --START--
INFO: Run Behavior\ShowPageTraceBehavior [ RunTime:0.002842s ]
INFO: [ app_end ] --END-- [ RunTime:0.002942s ]

[ 2019-03-03T10:42:09+08:00 ] ::1 /xinlida/index.php/Home/Index/chanpin/id/11.html
INFO: [ app_init ] --START--
INFO: Run Behavior\BuildLiteBehavior [ RunTime:0.000030s ]
INFO: [ app_init ] --END-- [ RunTime:0.000965s ]
INFO: [ app_begin ] --START--
INFO: Run Behavior\ReadHtmlCacheBehavior [ RunTime:0.000889s ]
INFO: [ app_begin ] --END-- [ RunTime:0.000940s ]
SQL: SHOW COLUMNS FROM `xld_fenlei` [ RunTime:0.0049s ]
SQL: SHOW COLUMNS FROM `xld_config` [ RunTime:0.0060s ]
SQL: SHOW COLUMNS FROM `xld_picture` [ RunTime:0.0043s ]
SQL: SHOW COLUMNS FROM `xld_picture` [ RunTime:0.0043s ]
SQL: SELECT * FROM `xld_picture`  [ RunTime:0.0007s ]
SQL: SHOW COLUMNS FROM `xld_fenlei` [ RunTime:0.0050s ]
SQL: SELECT * FROM `xld_fenlei`  [ RunTime:0.0003s ]
SQL: SHOW COLUMNS FROM `xld_config` [ RunTime:0.0046s ]
SQL: SELECT * FROM `xld_config` WHERE ( id = 1 ) LIMIT 1   [ RunTime:0.0004s ]
SQL: SHOW COLUMNS FROM `xld_product` [ RunTime:0.0061s ]
SQL: SHOW COLUMNS FROM `xld_product` [ RunTime:0.0047s ]
SQL: SELECT * FROM `xld_product` WHERE `id` = '11' LIMIT 1   [ RunTime:0.0003s ]
INFO: [ view_parse ] --START--
INFO: [ template_filter ] --START--
INFO: Run Behavior\ContentReplaceBehavior [ RunTime:0.000037s ]
INFO: [ template_filter ] --END-- [ RunTime:0.000075s ]
NOTIC: [8] Use of undefined constant url - assumed 'url' D:\phpStudy\PHPTutorial\WWW\xinlida\Application\Runtime\Cache\Home\77acd836c64bea4886885b716cc0a818.php 第 20 行.
NOTIC: [8] Use of undefined constant url - assumed 'url' D:\phpStudy\PHPTutorial\WWW\xinlida\Application\Runtime\Cache\Home\77acd836c64bea4886885b716cc0a818.php 第 38 行.
INFO: Run Behavior\ParseTemplateBehavior [ RunTime:0.010119s ]
INFO: [ view_parse ] --END-- [ RunTime:0.010168s ]
INFO: [ view_filter ] --START--
INFO: Run Behavior\WriteHtmlCacheBehavior [ RunTime:0.001254s ]
INFO: [ view_filter ] --END-- [ RunTime:0.001348s ]
INFO: [ app_end ] --START--
INFO: Run Behavior\ShowPageTraceBehavior [ RunTime:0.001099s ]
INFO: [ app_end ] --END-- [ RunTime:0.001141s ]

[ 2019-03-03T10:42:10+08:00 ] ::1 /xinlida/index.php/Home/Index/chanpin/id/11.html
INFO: [ app_init ] --START--
INFO: Run Behavior\BuildLiteBehavior [ RunTime:0.000012s ]
INFO: [ app_init ] --END-- [ RunTime:0.000570s ]
INFO: [ app_begin ] --START--
INFO: Run Behavior\ReadHtmlCacheBehavior [ RunTime:0.001000s ]
INFO: [ app_begin ] --END-- [ RunTime:0.001135s ]
SQL: SHOW COLUMNS FROM `xld_fenlei` [ RunTime:0.0055s ]
SQL: SHOW COLUMNS FROM `xld_config` [ RunTime:0.0072s ]
SQL: SHOW COLUMNS FROM `xld_picture` [ RunTime:0.0056s ]
SQL: SHOW COLUMNS FROM `xld_picture` [ RunTime:0.0043s ]
SQL: SELECT * FROM `xld_picture`  [ RunTime:0.0005s ]
SQL: SHOW COLUMNS FROM `xld_fenlei` [ RunTime:0.0054s ]
SQL: SELECT * FROM `xld_fenlei`  [ RunTime:0.0003s ]
SQL: SHOW COLUMNS FROM `xld_config` [ RunTime:0.0046s ]
SQL: SELECT * FROM `xld_config` WHERE ( id = 1 ) LIMIT 1   [ RunTime:0.0004s ]
SQL: SHOW COLUMNS FROM `xld_product` [ RunTime:0.0052s ]
SQL: SHOW COLUMNS FROM `xld_product` [ RunTime:0.0053s ]
SQL: SELECT * FROM `xld_product` WHERE `id` = '11' LIMIT 1   [ RunTime:0.0003s ]
INFO: [ view_parse ] --START--
INFO: [ template_filter ] --START--
INFO: Run Behavior\ContentReplaceBehavior [ RunTime:0.000036s ]
INFO: [ template_filter ] --END-- [ RunTime:0.000075s ]
NOTIC: [8] Use of undefined constant url - assumed 'url' D:\phpStudy\PHPTutorial\WWW\xinlida\Application\Runtime\Cache\Home\77acd836c64bea4886885b716cc0a818.php 第 20 行.
NOTIC: [8] Use of undefined constant url - assumed 'url' D:\phpStudy\PHPTutorial\WWW\xinlida\Application\Runtime\Cache\Home\77acd836c64bea4886885b716cc0a818.php 第 38 行.
INFO: Run Behavior\ParseTemplateBehavior [ RunTime:0.010046s ]
INFO: [ view_parse ] --END-- [ RunTime:0.010096s ]
INFO: [ view_filter ] --START--
INFO: Run Behavior\WriteHtmlCacheBehavior [ RunTime:0.001021s ]
INFO: [ view_filter ] --END-- [ RunTime:0.001059s ]
INFO: [ app_end ] --START--
INFO: Run Behavior\ShowPageTraceBehavior [ RunTime:0.000915s ]
INFO: [ app_end ] --END-- [ RunTime:0.000951s ]

[ 2019-03-03T10:42:10+08:00 ] ::1 /xinlida/index.php/Home/Index/chanpin/id/11.html
INFO: [ app_init ] --START--
INFO: Run Behavior\BuildLiteBehavior [ RunTime:0.000013s ]
INFO: [ app_init ] --END-- [ RunTime:0.000564s ]
INFO: [ app_begin ] --START--
INFO: Run Behavior\ReadHtmlCacheBehavior [ RunTime:0.000720s ]
INFO: [ app_begin ] --END-- [ RunTime:0.000771s ]
SQL: SHOW COLUMNS FROM `xld_fenlei` [ RunTime:0.0050s ]
SQL: SHOW COLUMNS FROM `xld_config` [ RunTime:0.0072s ]
SQL: SHOW COLUMNS FROM `xld_picture` [ RunTime:0.0043s ]
SQL: SHOW COLUMNS FROM `xld_picture` [ RunTime:0.0054s ]
SQL: SELECT * FROM `xld_picture`  [ RunTime:0.0004s ]
SQL: SHOW COLUMNS FROM `xld_fenlei` [ RunTime:0.0046s ]
SQL: SELECT * FROM `xld_fenlei`  [ RunTime:0.0003s ]
SQL: SHOW COLUMNS FROM `xld_config` [ RunTime:0.0050s ]
SQL: SELECT * FROM `xld_config` WHERE ( id = 1 ) LIMIT 1   [ RunTime:0.0004s ]
SQL: SHOW COLUMNS FROM `xld_product` [ RunTime:0.0062s ]
SQL: SHOW COLUMNS FROM `xld_product` [ RunTime:0.0045s ]
SQL: SELECT * FROM `xld_product` WHERE `id` = '11' LIMIT 1   [ RunTime:0.0003s ]
INFO: [ view_parse ] --START--
INFO: [ template_filter ] --START--
INFO: Run Behavior\ContentReplaceBehavior [ RunTime:0.000036s ]
INFO: [ template_filter ] --END-- [ RunTime:0.000077s ]
NOTIC: [8] Use of undefined constant url - assumed 'url' D:\phpStudy\PHPTutorial\WWW\xinlida\Application\Runtime\Cache\Home\77acd836c64bea4886885b716cc0a818.php 第 20 行.
NOTIC: [8] Use of undefined constant url - assumed 'url' D:\phpStudy\PHPTutorial\WWW\xinlida\Application\Runtime\Cache\Home\77acd836c64bea4886885b716cc0a818.php 第 38 行.
INFO: Run Behavior\ParseTemplateBehavior [ RunTime:0.008893s ]
INFO: [ view_parse ] --END-- [ RunTime:0.008940s ]
INFO: [ view_filter ] --START--
INFO: Run Behavior\WriteHtmlCacheBehavior [ RunTime:0.001047s ]
INFO: [ view_filter ] --END-- [ RunTime:0.001085s ]
INFO: [ app_end ] --START--
INFO: Run Behavior\ShowPageTraceBehavior [ RunTime:0.001296s ]
INFO: [ app_end ] --END-- [ RunTime:0.001353s ]

[ 2019-03-03T10:42:10+08:00 ] ::1 /xinlida/index.php/Home/Index/chanpin/id/11.html
INFO: [ app_init ] --START--
INFO: Run Behavior\BuildLiteBehavior [ RunTime:0.000013s ]
INFO: [ app_init ] --END-- [ RunTime:0.000603s ]
INFO: [ app_begin ] --START--
INFO: Run Behavior\ReadHtmlCacheBehavior [ RunTime:0.000704s ]
INFO: [ app_begin ] --END-- [ RunTime:0.000747s ]
SQL: SHOW COLUMNS FROM `xld_fenlei` [ RunTime:0.0048s ]
SQL: SHOW COLUMNS FROM `xld_config` [ RunTime:0.0047s ]
SQL: SHOW COLUMNS FROM `xld_picture` [ RunTime:0.0069s ]
SQL: SHOW COLUMNS FROM `xld_picture` [ RunTime:0.0044s ]
SQL: SELECT * FROM `xld_picture`  [ RunTime:0.0003s ]
SQL: SHOW COLUMNS FROM `xld_fenlei` [ RunTime:0.0042s ]
SQL: SELECT * FROM `xld_fenlei`  [ RunTime:0.0003s ]
SQL: SHOW COLUMNS FROM `xld_config` [ RunTime:0.0071s ]
SQL: SELECT * FROM `xld_config` WHERE ( id = 1 ) LIMIT 1   [ RunTime:0.0003s ]
SQL: SHOW COLUMNS FROM `xld_product` [ RunTime:0.0046s ]
SQL: SHOW COLUMNS FROM `xld_product` [ RunTime:0.0052s ]
SQL: SELECT * FROM `xld_product` WHERE `id` = '11' LIMIT 1   [ RunTime:0.0004s ]
INFO: [ view_parse ] --START--
INFO: [ template_filter ] --START--
INFO: Run Behavior\ContentReplaceBehavior [ RunTime:0.000037s ]
INFO: [ template_filter ] --END-- [ RunTime:0.000075s ]
NOTIC: [8] Use of undefined constant url - assumed 'url' D:\phpStudy\PHPTutorial\WWW\xinlida\Application\Runtime\Cache\Home\77acd836c64bea4886885b716cc0a818.php 第 20 行.
NOTIC: [8] Use of undefined constant url - assumed 'url' D:\phpStudy\PHPTutorial\WWW\xinlida\Application\Runtime\Cache\Home\77acd836c64bea4886885b716cc0a818.php 第 38 行.
INFO: Run Behavior\ParseTemplateBehavior [ RunTime:0.008923s ]
INFO: [ view_parse ] --END-- [ RunTime:0.008971s ]
INFO: [ view_filter ] --START--
INFO: Run Behavior\WriteHtmlCacheBehavior [ RunTime:0.000637s ]
INFO: [ view_filter ] --END-- [ RunTime:0.000667s ]
INFO: [ app_end ] --START--
INFO: Run Behavior\ShowPageTraceBehavior [ RunTime:0.000896s ]
INFO: [ app_end ] --END-- [ RunTime:0.000930s ]

[ 2019-03-03T10:42:10+08:00 ] ::1 /xinlida/index.php/Home/Index/chanpin/id/11.html
INFO: [ app_init ] --START--
INFO: Run Behavior\BuildLiteBehavior [ RunTime:0.000012s ]
INFO: [ app_init ] --END-- [ RunTime:0.000500s ]
INFO: [ app_begin ] --START--
INFO: Run Behavior\ReadHtmlCacheBehavior [ RunTime:0.000696s ]
INFO: [ app_begin ] --END-- [ RunTime:0.000749s ]
SQL: SHOW COLUMNS FROM `xld_fenlei` [ RunTime:0.0043s ]
SQL: SHOW COLUMNS FROM `xld_config` [ RunTime:0.0075s ]
SQL: SHOW COLUMNS FROM `xld_picture` [ RunTime:0.0046s ]
SQL: SHOW COLUMNS FROM `xld_picture` [ RunTime:0.0043s ]
SQL: SELECT * FROM `xld_picture`  [ RunTime:0.0003s ]
SQL: SHOW COLUMNS FROM `xld_fenlei` [ RunTime:0.0071s ]
SQL: SELECT * FROM `xld_fenlei`  [ RunTime:0.0003s ]
SQL: SHOW COLUMNS FROM `xld_config` [ RunTime:0.0048s ]
SQL: SELECT * FROM `xld_config` WHERE ( id = 1 ) LIMIT 1   [ RunTime:0.0004s ]
SQL: SHOW COLUMNS FROM `xld_product` [ RunTime:0.0062s ]
SQL: SHOW COLUMNS FROM `xld_product` [ RunTime:0.0050s ]
SQL: SELECT * FROM `xld_product` WHERE `id` = '11' LIMIT 1   [ RunTime:0.0003s ]
INFO: [ view_parse ] --START--
INFO: [ template_filter ] --START--
INFO: Run Behavior\ContentReplaceBehavior [ RunTime:0.000036s ]
INFO: [ template_filter ] --END-- [ RunTime:0.000074s ]
NOTIC: [8] Use of undefined constant url - assumed 'url' D:\phpStudy\PHPTutorial\WWW\xinlida\Application\Runtime\Cache\Home\77acd836c64bea4886885b716cc0a818.php 第 20 行.
NOTIC: [8] Use of undefined constant url - assumed 'url' D:\phpStudy\PHPTutorial\WWW\xinlida\Application\Runtime\Cache\Home\77acd836c64bea4886885b716cc0a818.php 第 38 行.
INFO: Run Behavior\ParseTemplateBehavior [ RunTime:0.008768s ]
INFO: [ view_parse ] --END-- [ RunTime:0.008817s ]
INFO: [ view_filter ] --START--
INFO: Run Behavior\WriteHtmlCacheBehavior [ RunTime:0.001016s ]
INFO: [ view_filter ] --END-- [ RunTime:0.001058s ]
INFO: [ app_end ] --START--
INFO: Run Behavior\ShowPageTraceBehavior [ RunTime:0.001193s ]
INFO: [ app_end ] --END-- [ RunTime:0.001243s ]

[ 2019-03-03T10:42:10+08:00 ] ::1 /xinlida/index.php/Home/Index/chanpin/id/11.html
INFO: [ app_init ] --START--
INFO: Run Behavior\BuildLiteBehavior [ RunTime:0.000015s ]
INFO: [ app_init ] --END-- [ RunTime:0.000652s ]
INFO: [ app_begin ] --START--
INFO: Run Behavior\ReadHtmlCacheBehavior [ RunTime:0.000843s ]
INFO: [ app_begin ] --END-- [ RunTime:0.000896s ]
SQL: SHOW COLUMNS FROM `xld_fenlei` [ RunTime:0.0049s ]
SQL: SHOW COLUMNS FROM `xld_config` [ RunTime:0.0054s ]
SQL: SHOW COLUMNS FROM `xld_picture` [ RunTime:0.0073s ]
SQL: SHOW COLUMNS FROM `xld_picture` [ RunTime:0.0043s ]
SQL: SELECT * FROM `xld_picture`  [ RunTime:0.0003s ]
SQL: SHOW COLUMNS FROM `xld_fenlei` [ RunTime:0.0042s ]
SQL: SELECT * FROM `xld_fenlei`  [ RunTime:0.0003s ]
SQL: SHOW COLUMNS FROM `xld_config` [ RunTime:0.0070s ]
SQL: SELECT * FROM `xld_config` WHERE ( id = 1 ) LIMIT 1   [ RunTime:0.0004s ]
SQL: SHOW COLUMNS FROM `xld_product` [ RunTime:0.0047s ]
SQL: SHOW COLUMNS FROM `xld_product` [ RunTime:0.0054s ]
SQL: SELECT * FROM `xld_product` WHERE `id` = '11' LIMIT 1   [ RunTime:0.0007s ]
INFO: [ view_parse ] --START--
INFO: [ template_filter ] --START--
INFO: Run Behavior\ContentReplaceBehavior [ RunTime:0.000036s ]
INFO: [ template_filter ] --END-- [ RunTime:0.000075s ]
NOTIC: [8] Use of undefined constant url - assumed 'url' D:\phpStudy\PHPTutorial\WWW\xinlida\Application\Runtime\Cache\Home\77acd836c64bea4886885b716cc0a818.php 第 20 行.
NOTIC: [8] Use of undefined constant url - assumed 'url' D:\phpStudy\PHPTutorial\WWW\xinlida\Application\Runtime\Cache\Home\77acd836c64bea4886885b716cc0a818.php 第 38 行.
INFO: Run Behavior\ParseTemplateBehavior [ RunTime:0.009566s ]
INFO: [ view_parse ] --END-- [ RunTime:0.009630s ]
INFO: [ view_filter ] --START--
INFO: Run Behavior\WriteHtmlCacheBehavior [ RunTime:0.000623s ]
INFO: [ view_filter ] --END-- [ RunTime:0.000654s ]
INFO: [ app_end ] --START--
INFO: Run Behavior\ShowPageTraceBehavior [ RunTime:0.000814s ]
INFO: [ app_end ] --END-- [ RunTime:0.000848s ]

[ 2019-03-03T10:42:11+08:00 ] ::1 /xinlida/index.php/Home/Index/chanpin/id/11.html
INFO: [ app_init ] --START--
INFO: Run Behavior\BuildLiteBehavior [ RunTime:0.000012s ]
INFO: [ app_init ] --END-- [ RunTime:0.000514s ]
INFO: [ app_begin ] --START--
INFO: Run Behavior\ReadHtmlCacheBehavior [ RunTime:0.000815s ]
INFO: [ app_begin ] --END-- [ RunTime:0.000864s ]
SQL: SHOW COLUMNS FROM `xld_fenlei` [ RunTime:0.0045s ]
SQL: SHOW COLUMNS FROM `xld_config` [ RunTime:0.0054s ]
SQL: SHOW COLUMNS FROM `xld_picture` [ RunTime:0.0054s ]
SQL: SHOW COLUMNS FROM `xld_picture` [ RunTime:0.0043s ]
SQL: SELECT * FROM `xld_picture`  [ RunTime:0.0003s ]
SQL: SHOW COLUMNS FROM `xld_fenlei` [ RunTime:0.0052s ]
SQL: SELECT * FROM `xld_fenlei`  [ RunTime:0.0009s ]
SQL: SHOW COLUMNS FROM `xld_config` [ RunTime:0.0056s ]
SQL: SELECT * FROM `xld_config` WHERE ( id = 1 ) LIMIT 1   [ RunTime:0.0004s ]
SQL: SHOW COLUMNS FROM `xld_product` [ RunTime:0.0049s ]
SQL: SHOW COLUMNS FROM `xld_product` [ RunTime:0.0055s ]
SQL: SELECT * FROM `xld_product` WHERE `id` = '11' LIMIT 1   [ RunTime:0.0003s ]
INFO: [ view_parse ] --START--
INFO: [ template_filter ] --START--
INFO: Run Behavior\ContentReplaceBehavior [ RunTime:0.000036s ]
INFO: [ template_filter ] --END-- [ RunTime:0.000077s ]
NOTIC: [8] Use of undefined constant url - assumed 'url' D:\phpStudy\PHPTutorial\WWW\xinlida\Application\Runtime\Cache\Home\77acd836c64bea4886885b716cc0a818.php 第 20 行.
NOTIC: [8] Use of undefined constant url - assumed 'url' D:\phpStudy\PHPTutorial\WWW\xinlida\Application\Runtime\Cache\Home\77acd836c64bea4886885b716cc0a818.php 第 38 行.
INFO: Run Behavior\ParseTemplateBehavior [ RunTime:0.008438s ]
INFO: [ view_parse ] --END-- [ RunTime:0.008499s ]
INFO: [ view_filter ] --START--
INFO: Run Behavior\WriteHtmlCacheBehavior [ RunTime:0.000660s ]
INFO: [ view_filter ] --END-- [ RunTime:0.000696s ]
INFO: [ app_end ] --START--
INFO: Run Behavior\ShowPageTraceBehavior [ RunTime:0.000833s ]
INFO: [ app_end ] --END-- [ RunTime:0.000871s ]

[ 2019-03-03T10:42:11+08:00 ] ::1 /xinlida/index.php/Home/Index/chanpin/id/11.html
INFO: [ app_init ] --START--
INFO: Run Behavior\BuildLiteBehavior [ RunTime:0.000012s ]
INFO: [ app_init ] --END-- [ RunTime:0.000484s ]
INFO: [ app_begin ] --START--
INFO: Run Behavior\ReadHtmlCacheBehavior [ RunTime:0.000690s ]
INFO: [ app_begin ] --END-- [ RunTime:0.000737s ]
SQL: SHOW COLUMNS FROM `xld_fenlei` [ RunTime:0.0044s ]
SQL: SHOW COLUMNS FROM `xld_config` [ RunTime:0.0074s ]
SQL: SHOW COLUMNS FROM `xld_picture` [ RunTime:0.0047s ]
SQL: SHOW COLUMNS FROM `xld_picture` [ RunTime:0.0070s ]
SQL: SELECT * FROM `xld_picture`  [ RunTime:0.0007s ]
SQL: SHOW COLUMNS FROM `xld_fenlei` [ RunTime:0.0055s ]
SQL: SELECT * FROM `xld_fenlei`  [ RunTime:0.0003s ]
SQL: SHOW COLUMNS FROM `xld_config` [ RunTime:0.0048s ]
SQL: SELECT * FROM `xld_config` WHERE ( id = 1 ) LIMIT 1   [ RunTime:0.0005s ]
SQL: SHOW COLUMNS FROM `xld_product` [ RunTime:0.0074s ]
SQL: SHOW COLUMNS FROM `xld_product` [ RunTime:0.0048s ]
SQL: SELECT * FROM `xld_product` WHERE `id` = '11' LIMIT 1   [ RunTime:0.0003s ]
INFO: [ view_parse ] --START--
INFO: [ template_filter ] --START--
INFO: Run Behavior\ContentReplaceBehavior [ RunTime:0.000058s ]
INFO: [ template_filter ] --END-- [ RunTime:0.000107s ]
NOTIC: [8] Use of undefined constant url - assumed 'url' D:\phpStudy\PHPTutorial\WWW\xinlida\Application\Runtime\Cache\Home\77acd836c64bea4886885b716cc0a818.php 第 20 行.
NOTIC: [8] Use of undefined constant url - assumed 'url' D:\phpStudy\PHPTutorial\WWW\xinlida\Application\Runtime\Cache\Home\77acd836c64bea4886885b716cc0a818.php 第 38 行.
INFO: Run Behavior\ParseTemplateBehavior [ RunTime:0.009508s ]
INFO: [ view_parse ] --END-- [ RunTime:0.009550s ]
INFO: [ view_filter ] --START--
INFO: Run Behavior\WriteHtmlCacheBehavior [ RunTime:0.000613s ]
INFO: [ view_filter ] --END-- [ RunTime:0.000642s ]
INFO: [ app_end ] --START--
INFO: Run Behavior\ShowPageTraceBehavior [ RunTime:0.000819s ]
INFO: [ app_end ] --END-- [ RunTime:0.000852s ]

[ 2019-03-03T10:42:11+08:00 ] ::1 /xinlida/index.php/Home/Index/chanpin/id/11.html
INFO: [ app_init ] --START--
INFO: Run Behavior\BuildLiteBehavior [ RunTime:0.000020s ]
INFO: [ app_init ] --END-- [ RunTime:0.000751s ]
INFO: [ app_begin ] --START--
INFO: Run Behavior\ReadHtmlCacheBehavior [ RunTime:0.000866s ]
INFO: [ app_begin ] --END-- [ RunTime:0.000929s ]
SQL: SHOW COLUMNS FROM `xld_fenlei` [ RunTime:0.0071s ]
SQL: SHOW COLUMNS FROM `xld_config` [ RunTime:0.0106s ]
SQL: SHOW COLUMNS FROM `xld_picture` [ RunTime:0.0055s ]
SQL: SHOW COLUMNS FROM `xld_picture` [ RunTime:0.0082s ]
SQL: SELECT * FROM `xld_picture`  [ RunTime:0.0003s ]
SQL: SHOW COLUMNS FROM `xld_fenlei` [ RunTime:0.0065s ]
SQL: SELECT * FROM `xld_fenlei`  [ RunTime:0.0003s ]
SQL: SHOW COLUMNS FROM `xld_config` [ RunTime:0.0053s ]
SQL: SELECT * FROM `xld_config` WHERE ( id = 1 ) LIMIT 1   [ RunTime:0.0004s ]
SQL: SHOW COLUMNS FROM `xld_product` [ RunTime:0.0054s ]
SQL: SHOW COLUMNS FROM `xld_product` [ RunTime:0.0050s ]
SQL: SELECT * FROM `xld_product` WHERE `id` = '11' LIMIT 1   [ RunTime:0.0003s ]
INFO: [ view_parse ] --START--
INFO: [ template_filter ] --START--
INFO: Run Behavior\ContentReplaceBehavior [ RunTime:0.000039s ]
INFO: [ template_filter ] --END-- [ RunTime:0.000078s ]
NOTIC: [8] Use of undefined constant url - assumed 'url' D:\phpStudy\PHPTutorial\WWW\xinlida\Application\Runtime\Cache\Home\77acd836c64bea4886885b716cc0a818.php 第 20 行.
NOTIC: [8] Use of undefined constant url - assumed 'url' D:\phpStudy\PHPTutorial\WWW\xinlida\Application\Runtime\Cache\Home\77acd836c64bea4886885b716cc0a818.php 第 38 行.
INFO: Run Behavior\ParseTemplateBehavior [ RunTime:0.092432s ]
INFO: [ view_parse ] --END-- [ RunTime:0.092496s ]
INFO: [ view_filter ] --START--
INFO: Run Behavior\WriteHtmlCacheBehavior [ RunTime:0.001091s ]
INFO: [ view_filter ] --END-- [ RunTime:0.001176s ]
INFO: [ app_end ] --START--
INFO: Run Behavior\ShowPageTraceBehavior [ RunTime:0.001395s ]
INFO: [ app_end ] --END-- [ RunTime:0.001446s ]

[ 2019-03-03T10:42:11+08:00 ] ::1 /xinlida/index.php/Home/Index/chanpin/id/11.html
INFO: [ app_init ] --START--
INFO: Run Behavior\BuildLiteBehavior [ RunTime:0.000024s ]
INFO: [ app_init ] --END-- [ RunTime:0.000993s ]
INFO: [ app_begin ] --START--
INFO: Run Behavior\ReadHtmlCacheBehavior [ RunTime:0.000817s ]
INFO: [ app_begin ] --END-- [ RunTime:0.000875s ]
SQL: SHOW COLUMNS FROM `xld_fenlei` [ RunTime:0.0072s ]
SQL: SHOW COLUMNS FROM `xld_config` [ RunTime:0.0049s ]
SQL: SHOW COLUMNS FROM `xld_picture` [ RunTime:0.0050s ]
SQL: SHOW COLUMNS FROM `xld_picture` [ RunTime:0.0058s ]
SQL: SELECT * FROM `xld_picture`  [ RunTime:0.0003s ]
SQL: SHOW COLUMNS FROM `xld_fenlei` [ RunTime:0.0042s ]
SQL: SELECT * FROM `xld_fenlei`  [ RunTime:0.0003s ]
SQL: SHOW COLUMNS FROM `xld_config` [ RunTime:0.0049s ]
SQL: SELECT * FROM `xld_config` WHERE ( id = 1 ) LIMIT 1   [ RunTime:0.0012s ]
SQL: SHOW COLUMNS FROM `xld_product` [ RunTime:0.0049s ]
SQL: SHOW COLUMNS FROM `xld_product` [ RunTime:0.0047s ]
SQL: SELECT * FROM `xld_product` WHERE `id` = '11' LIMIT 1   [ RunTime:0.0003s ]
INFO: [ view_parse ] --START--
INFO: [ template_filter ] --START--
INFO: Run Behavior\ContentReplaceBehavior [ RunTime:0.000036s ]
INFO: [ template_filter ] --END-- [ RunTime:0.000080s ]
NOTIC: [8] Use of undefined constant url - assumed 'url' D:\phpStudy\PHPTutorial\WWW\xinlida\Application\Runtime\Cache\Home\77acd836c64bea4886885b716cc0a818.php 第 20 行.
NOTIC: [8] Use of undefined constant url - assumed 'url' D:\phpStudy\PHPTutorial\WWW\xinlida\Application\Runtime\Cache\Home\77acd836c64bea4886885b716cc0a818.php 第 38 行.
INFO: Run Behavior\ParseTemplateBehavior [ RunTime:0.009483s ]
INFO: [ view_parse ] --END-- [ RunTime:0.009538s ]
INFO: [ view_filter ] --START--
INFO: Run Behavior\WriteHtmlCacheBehavior [ RunTime:0.000660s ]
INFO: [ view_filter ] --END-- [ RunTime:0.000689s ]
INFO: [ app_end ] --START--
INFO: Run Behavior\ShowPageTraceBehavior [ RunTime:0.000829s ]
INFO: [ app_end ] --END-- [ RunTime:0.000862s ]

[ 2019-03-03T10:42:23+08:00 ] ::1 /xinlida/index.php/Home/Index/chanpin/id/11.html
INFO: [ app_init ] --START--
INFO: Run Behavior\BuildLiteBehavior [ RunTime:0.000012s ]
INFO: [ app_init ] --END-- [ RunTime:0.000568s ]
INFO: [ app_begin ] --START--
INFO: Run Behavior\ReadHtmlCacheBehavior [ RunTime:0.000687s ]
INFO: [ app_begin ] --END-- [ RunTime:0.000730s ]
SQL: SHOW COLUMNS FROM `xld_fenlei` [ RunTime:0.0065s ]
SQL: SHOW COLUMNS FROM `xld_config` [ RunTime:0.0047s ]
SQL: SHOW COLUMNS FROM `xld_picture` [ RunTime:0.0051s ]
SQL: SHOW COLUMNS FROM `xld_picture` [ RunTime:0.0076s ]
SQL: SELECT * FROM `xld_picture`  [ RunTime:0.0003s ]
SQL: SHOW COLUMNS FROM `xld_fenlei` [ RunTime:0.0048s ]
SQL: SELECT * FROM `xld_fenlei`  [ RunTime:0.0003s ]
SQL: SHOW COLUMNS FROM `xld_config` [ RunTime:0.0053s ]
SQL: SELECT * FROM `xld_config` WHERE ( id = 1 ) LIMIT 1   [ RunTime:0.0004s ]
SQL: SHOW COLUMNS FROM `xld_product` [ RunTime:0.0049s ]
SQL: SHOW COLUMNS FROM `xld_product` [ RunTime:0.0045s ]
SQL: SELECT * FROM `xld_product` WHERE `id` = '11' LIMIT 1   [ RunTime:0.0003s ]
INFO: [ view_parse ] --START--
INFO: [ template_filter ] --START--
INFO: Run Behavior\ContentReplaceBehavior [ RunTime:0.000047s ]
INFO: [ template_filter ] --END-- [ RunTime:0.000103s ]
NOTIC: [8] Use of undefined constant url - assumed 'url' D:\phpStudy\PHPTutorial\WWW\xinlida\Application\Runtime\Cache\Home\77acd836c64bea4886885b716cc0a818.php 第 20 行.
NOTIC: [8] Use of undefined constant url - assumed 'url' D:\phpStudy\PHPTutorial\WWW\xinlida\Application\Runtime\Cache\Home\77acd836c64bea4886885b716cc0a818.php 第 38 行.
INFO: Run Behavior\ParseTemplateBehavior [ RunTime:0.009887s ]
INFO: [ view_parse ] --END-- [ RunTime:0.009927s ]
INFO: [ view_filter ] --START--
INFO: Run Behavior\WriteHtmlCacheBehavior [ RunTime:0.000665s ]
INFO: [ view_filter ] --END-- [ RunTime:0.000696s ]
INFO: [ app_end ] --START--
INFO: Run Behavior\ShowPageTraceBehavior [ RunTime:0.001003s ]
INFO: [ app_end ] --END-- [ RunTime:0.001038s ]

[ 2019-03-03T10:43:37+08:00 ] ::1 /xinlida/index.php/Home/Index/chanpin/id/11.html
INFO: [ app_init ] --START--
INFO: Run Behavior\BuildLiteBehavior [ RunTime:0.000012s ]
INFO: [ app_init ] --END-- [ RunTime:0.000579s ]
INFO: [ app_begin ] --START--
INFO: Run Behavior\ReadHtmlCacheBehavior [ RunTime:0.000858s ]
INFO: [ app_begin ] --END-- [ RunTime:0.000902s ]
SQL: SHOW COLUMNS FROM `xld_fenlei` [ RunTime:0.0052s ]
SQL: SHOW COLUMNS FROM `xld_config` [ RunTime:0.0045s ]
SQL: SHOW COLUMNS FROM `xld_picture` [ RunTime:0.0041s ]
SQL: SHOW COLUMNS FROM `xld_picture` [ RunTime:0.0050s ]
SQL: SELECT * FROM `xld_picture`  [ RunTime:0.0003s ]
SQL: SHOW COLUMNS FROM `xld_fenlei` [ RunTime:0.0048s ]
SQL: SELECT * FROM `xld_fenlei`  [ RunTime:0.0003s ]
SQL: SHOW COLUMNS FROM `xld_config` [ RunTime:0.0045s ]
SQL: SELECT * FROM `xld_config` WHERE ( id = 1 ) LIMIT 1   [ RunTime:0.0003s ]
SQL: SHOW COLUMNS FROM `xld_product` [ RunTime:0.0044s ]
SQL: SHOW COLUMNS FROM `xld_product` [ RunTime:0.0043s ]
SQL: SELECT * FROM `xld_product` WHERE `id` = '11' LIMIT 1   [ RunTime:0.0003s ]
INFO: [ view_parse ] --START--
INFO: [ template_filter ] --START--
INFO: Run Behavior\ContentReplaceBehavior [ RunTime:0.000040s ]
INFO: [ template_filter ] --END-- [ RunTime:0.000079s ]
NOTIC: [8] Use of undefined constant url - assumed 'url' D:\phpStudy\PHPTutorial\WWW\xinlida\Application\Runtime\Cache\Home\77acd836c64bea4886885b716cc0a818.php 第 20 行.
NOTIC: [8] Use of undefined constant url - assumed 'url' D:\phpStudy\PHPTutorial\WWW\xinlida\Application\Runtime\Cache\Home\77acd836c64bea4886885b716cc0a818.php 第 38 行.
INFO: Run Behavior\ParseTemplateBehavior [ RunTime:0.009596s ]
INFO: [ view_parse ] --END-- [ RunTime:0.009639s ]
INFO: [ view_filter ] --START--
INFO: Run Behavior\WriteHtmlCacheBehavior [ RunTime:0.000766s ]
INFO: [ view_filter ] --END-- [ RunTime:0.000799s ]
INFO: [ app_end ] --START--
INFO: Run Behavior\ShowPageTraceBehavior [ RunTime:0.000866s ]
INFO: [ app_end ] --END-- [ RunTime:0.000898s ]

[ 2019-03-03T10:47:41+08:00 ] ::1 /xinlida/index.php/Home/Index/chanpin/id/11.html
INFO: [ app_init ] --START--
INFO: Run Behavior\BuildLiteBehavior [ RunTime:0.000013s ]
INFO: [ app_init ] --END-- [ RunTime:0.000709s ]
INFO: [ app_begin ] --START--
INFO: Run Behavior\ReadHtmlCacheBehavior [ RunTime:0.002982s ]
INFO: [ app_begin ] --END-- [ RunTime:0.003136s ]
SQL: SHOW COLUMNS FROM `xld_fenlei` [ RunTime:0.0044s ]
SQL: SHOW COLUMNS FROM `xld_config` [ RunTime:0.0050s ]
SQL: SHOW COLUMNS FROM `xld_picture` [ RunTime:0.0077s ]
SQL: SHOW COLUMNS FROM `xld_picture` [ RunTime:0.0055s ]
SQL: SELECT * FROM `xld_picture`  [ RunTime:0.0004s ]
SQL: SHOW COLUMNS FROM `xld_fenlei` [ RunTime:0.0056s ]
SQL: SELECT * FROM `xld_fenlei`  [ RunTime:0.0006s ]
SQL: SHOW COLUMNS FROM `xld_config` [ RunTime:0.0054s ]
SQL: SELECT * FROM `xld_config` WHERE ( id = 1 ) LIMIT 1   [ RunTime:0.0004s ]
SQL: SHOW COLUMNS FROM `xld_product` [ RunTime:0.0046s ]
SQL: SHOW COLUMNS FROM `xld_product` [ RunTime:0.0059s ]
SQL: SELECT * FROM `xld_product` WHERE `id` = '11' LIMIT 1   [ RunTime:0.0005s ]
INFO: [ view_parse ] --START--
INFO: [ template_filter ] --START--
INFO: Run Behavior\ContentReplaceBehavior [ RunTime:0.000062s ]
INFO: [ template_filter ] --END-- [ RunTime:0.000114s ]
NOTIC: [8] Use of undefined constant url - assumed 'url' D:\phpStudy\PHPTutorial\WWW\xinlida\Application\Runtime\Cache\Home\b3453139d7173ee642279115323ea8d2.php 第 38 行.
INFO: Run Behavior\ParseTemplateBehavior [ RunTime:0.008577s ]
INFO: [ view_parse ] --END-- [ RunTime:0.008633s ]
INFO: [ view_filter ] --START--
INFO: Run Behavior\WriteHtmlCacheBehavior [ RunTime:0.000661s ]
INFO: [ view_filter ] --END-- [ RunTime:0.000692s ]
INFO: [ app_end ] --START--
INFO: Run Behavior\ShowPageTraceBehavior [ RunTime:0.000935s ]
INFO: [ app_end ] --END-- [ RunTime:0.000974s ]

[ 2019-03-03T10:47:48+08:00 ] ::1 /xinlida/index.php/Home/Index/chanpin/id/11.html
INFO: [ app_init ] --START--
INFO: Run Behavior\BuildLiteBehavior [ RunTime:0.000012s ]
INFO: [ app_init ] --END-- [ RunTime:0.000603s ]
INFO: [ app_begin ] --START--
INFO: Run Behavior\ReadHtmlCacheBehavior [ RunTime:0.001704s ]
INFO: [ app_begin ] --END-- [ RunTime:0.001820s ]
SQL: SHOW COLUMNS FROM `xld_fenlei` [ RunTime:0.0065s ]
SQL: SHOW COLUMNS FROM `xld_config` [ RunTime:0.0047s ]
SQL: SHOW COLUMNS FROM `xld_picture` [ RunTime:0.0045s ]
SQL: SHOW COLUMNS FROM `xld_picture` [ RunTime:0.0054s ]
SQL: SELECT * FROM `xld_picture`  [ RunTime:0.0003s ]
SQL: SHOW COLUMNS FROM `xld_fenlei` [ RunTime:0.0044s ]
SQL: SELECT * FROM `xld_fenlei`  [ RunTime:0.0003s ]
SQL: SHOW COLUMNS FROM `xld_config` [ RunTime:0.0058s ]
SQL: SELECT * FROM `xld_config` WHERE ( id = 1 ) LIMIT 1   [ RunTime:0.0004s ]
SQL: SHOW COLUMNS FROM `xld_product` [ RunTime:0.0061s ]
SQL: SHOW COLUMNS FROM `xld_product` [ RunTime:0.0044s ]
SQL: SELECT * FROM `xld_product` WHERE `id` = '11' LIMIT 1   [ RunTime:0.0003s ]
INFO: [ view_parse ] --START--
INFO: [ template_filter ] --START--
INFO: Run Behavior\ContentReplaceBehavior [ RunTime:0.000041s ]
INFO: [ template_filter ] --END-- [ RunTime:0.000082s ]
NOTIC: [8] Use of undefined constant url - assumed 'url' D:\phpStudy\PHPTutorial\WWW\xinlida\Application\Runtime\Cache\Home\77acd836c64bea4886885b716cc0a818.php 第 20 行.
NOTIC: [8] Use of undefined constant url - assumed 'url' D:\phpStudy\PHPTutorial\WWW\xinlida\Application\Runtime\Cache\Home\77acd836c64bea4886885b716cc0a818.php 第 38 行.
INFO: Run Behavior\ParseTemplateBehavior [ RunTime:0.010668s ]
INFO: [ view_parse ] --END-- [ RunTime:0.010711s ]
INFO: [ view_filter ] --START--
INFO: Run Behavior\WriteHtmlCacheBehavior [ RunTime:0.000732s ]
INFO: [ view_filter ] --END-- [ RunTime:0.000763s ]
INFO: [ app_end ] --START--
INFO: Run Behavior\ShowPageTraceBehavior [ RunTime:0.000853s ]
INFO: [ app_end ] --END-- [ RunTime:0.000884s ]

[ 2019-03-03T10:49:48+08:00 ] ::1 /xinlida/index.php/Home/Index/chanpin/id/11.html
INFO: [ app_init ] --START--
INFO: Run Behavior\BuildLiteBehavior [ RunTime:0.000027s ]
INFO: [ app_init ] --END-- [ RunTime:0.001069s ]
INFO: [ app_begin ] --START--
INFO: Run Behavior\ReadHtmlCacheBehavior [ RunTime:0.000955s ]
INFO: [ app_begin ] --END-- [ RunTime:0.001024s ]
SQL: SHOW COLUMNS FROM `xld_fenlei` [ RunTime:0.0046s ]
SQL: SHOW COLUMNS FROM `xld_config` [ RunTime:0.0063s ]
SQL: SHOW COLUMNS FROM `xld_picture` [ RunTime:0.0060s ]
SQL: SHOW COLUMNS FROM `xld_picture` [ RunTime:0.0054s ]
SQL: SELECT * FROM `xld_picture`  [ RunTime:0.0003s ]
SQL: SHOW COLUMNS FROM `xld_fenlei` [ RunTime:0.0106s ]
SQL: SELECT * FROM `xld_fenlei`  [ RunTime:0.0003s ]
SQL: SHOW COLUMNS FROM `xld_config` [ RunTime:0.0050s ]
SQL: SELECT * FROM `xld_config` WHERE ( id = 1 ) LIMIT 1   [ RunTime:0.0004s ]
SQL: SHOW COLUMNS FROM `xld_product` [ RunTime:0.0068s ]
SQL: SHOW COLUMNS FROM `xld_product` [ RunTime:0.0045s ]
SQL: SELECT * FROM `xld_product` WHERE `id` = '11' LIMIT 1   [ RunTime:0.0002s ]
INFO: [ view_parse ] --START--
INFO: [ template_filter ] --START--
INFO: Run Behavior\ContentReplaceBehavior [ RunTime:0.000077s ]
INFO: [ template_filter ] --END-- [ RunTime:0.000158s ]
NOTIC: [8] Use of undefined constant url - assumed 'url' D:\phpStudy\PHPTutorial\WWW\xinlida\Application\Runtime\Cache\Home\77acd836c64bea4886885b716cc0a818.php 第 20 行.
NOTIC: [8] Use of undefined constant url - assumed 'url' D:\phpStudy\PHPTutorial\WWW\xinlida\Application\Runtime\Cache\Home\77acd836c64bea4886885b716cc0a818.php 第 38 行.
INFO: Run Behavior\ParseTemplateBehavior [ RunTime:0.012434s ]
INFO: [ view_parse ] --END-- [ RunTime:0.012491s ]
INFO: [ view_filter ] --START--
INFO: Run Behavior\WriteHtmlCacheBehavior [ RunTime:0.000730s ]
INFO: [ view_filter ] --END-- [ RunTime:0.000773s ]
INFO: [ app_end ] --START--
INFO: Run Behavior\ShowPageTraceBehavior [ RunTime:0.001268s ]
INFO: [ app_end ] --END-- [ RunTime:0.001324s ]

[ 2019-03-03T10:49:54+08:00 ] ::1 /xinlida/index.php/Home/Index/kczy.html
INFO: [ app_init ] --START--
INFO: Run Behavior\BuildLiteBehavior [ RunTime:0.000014s ]
INFO: [ app_init ] --END-- [ RunTime:0.000511s ]
INFO: [ app_begin ] --START--
INFO: Run Behavior\ReadHtmlCacheBehavior [ RunTime:0.000771s ]
INFO: [ app_begin ] --END-- [ RunTime:0.000817s ]
SQL: SHOW COLUMNS FROM `xld_fenlei` [ RunTime:0.0046s ]
SQL: SHOW COLUMNS FROM `xld_config` [ RunTime:0.0065s ]
SQL: SHOW COLUMNS FROM `xld_picture` [ RunTime:0.0097s ]
SQL: SHOW COLUMNS FROM `xld_picture` [ RunTime:0.0063s ]
SQL: SELECT * FROM `xld_picture`  [ RunTime:0.0003s ]
SQL: SHOW COLUMNS FROM `xld_fenlei` [ RunTime:0.0046s ]
SQL: SELECT * FROM `xld_fenlei`  [ RunTime:0.0003s ]
SQL: SHOW COLUMNS FROM `xld_config` [ RunTime:0.0048s ]
SQL: SELECT * FROM `xld_config` WHERE ( id = 1 ) LIMIT 1   [ RunTime:0.0005s ]
SQL: SHOW COLUMNS FROM `xld_article` [ RunTime:0.0054s ]
SQL: SHOW COLUMNS FROM `xld_article` [ RunTime:0.0048s ]
SQL: SELECT * FROM `xld_article` WHERE `title` = '库存展示' LIMIT 1   [ RunTime:0.0003s ]
INFO: [ view_parse ] --START--
INFO: [ template_filter ] --START--
INFO: Run Behavior\ContentReplaceBehavior [ RunTime:0.000061s ]
INFO: [ template_filter ] --END-- [ RunTime:0.000125s ]
NOTIC: [8] Use of undefined constant url - assumed 'url' D:\phpStudy\PHPTutorial\WWW\xinlida\Application\Runtime\Cache\Home\e2b38e5e8a52afe04249d674cdad17d1.php 第 20 行.
NOTIC: [8] Use of undefined constant url - assumed 'url' D:\phpStudy\PHPTutorial\WWW\xinlida\Application\Runtime\Cache\Home\e2b38e5e8a52afe04249d674cdad17d1.php 第 38 行.
INFO: Run Behavior\ParseTemplateBehavior [ RunTime:0.009624s ]
INFO: [ view_parse ] --END-- [ RunTime:0.009679s ]
INFO: [ view_filter ] --START--
INFO: Run Behavior\WriteHtmlCacheBehavior [ RunTime:0.000742s ]
INFO: [ view_filter ] --END-- [ RunTime:0.000773s ]
INFO: [ app_end ] --START--
INFO: Run Behavior\ShowPageTraceBehavior [ RunTime:0.000880s ]
INFO: [ app_end ] --END-- [ RunTime:0.000915s ]

[ 2019-03-03T10:49:55+08:00 ] ::1 /xinlida/index.php/Home/Index/hqzx.html
INFO: [ app_init ] --START--
INFO: Run Behavior\BuildLiteBehavior [ RunTime:0.000012s ]
INFO: [ app_init ] --END-- [ RunTime:0.000516s ]
INFO: [ app_begin ] --START--
INFO: Run Behavior\ReadHtmlCacheBehavior [ RunTime:0.000689s ]
INFO: [ app_begin ] --END-- [ RunTime:0.000735s ]
SQL: SHOW COLUMNS FROM `xld_fenlei` [ RunTime:0.0044s ]
SQL: SHOW COLUMNS FROM `xld_config` [ RunTime:0.0046s ]
SQL: SHOW COLUMNS FROM `xld_picture` [ RunTime:0.0053s ]
SQL: SHOW COLUMNS FROM `xld_picture` [ RunTime:0.0048s ]
SQL: SELECT * FROM `xld_picture`  [ RunTime:0.0003s ]
SQL: SHOW COLUMNS FROM `xld_fenlei` [ RunTime:0.0045s ]
SQL: SELECT * FROM `xld_fenlei`  [ RunTime:0.0003s ]
SQL: SHOW COLUMNS FROM `xld_config` [ RunTime:0.0055s ]
SQL: SELECT * FROM `xld_config` WHERE ( id = 1 ) LIMIT 1   [ RunTime:0.0004s ]
SQL: SHOW COLUMNS FROM `xld_article` [ RunTime:0.0045s ]
NOTIC: [8] Undefined index: p D:\phpStudy\PHPTutorial\WWW\xinlida\Application\Home\Controller\IndexController.class.php 第 108 行.
SQL: SELECT * FROM `xld_article` WHERE ( classify = 1 ) ORDER BY id DESC LIMIT 0,10   [ RunTime:0.0004s ]
SQL: SELECT COUNT(*) AS tp_count FROM `xld_article` LIMIT 1   [ RunTime:0.0002s ]
INFO: [ view_parse ] --START--
INFO: [ template_filter ] --START--
INFO: Run Behavior\ContentReplaceBehavior [ RunTime:0.000102s ]
INFO: [ template_filter ] --END-- [ RunTime:0.000265s ]
NOTIC: [8] Use of undefined constant url - assumed 'url' D:\phpStudy\PHPTutorial\WWW\xinlida\Application\Runtime\Cache\Home\5c75b1db8e8ea2368b8be944b5eb1fdb.php 第 20 行.
NOTIC: [8] Use of undefined constant url - assumed 'url' D:\phpStudy\PHPTutorial\WWW\xinlida\Application\Runtime\Cache\Home\5c75b1db8e8ea2368b8be944b5eb1fdb.php 第 40 行.
INFO: Run Behavior\ParseTemplateBehavior [ RunTime:0.009917s ]
INFO: [ view_parse ] --END-- [ RunTime:0.009959s ]
INFO: [ view_filter ] --START--
INFO: Run Behavior\WriteHtmlCacheBehavior [ RunTime:0.000658s ]
INFO: [ view_filter ] --END-- [ RunTime:0.000688s ]
INFO: [ app_end ] --START--
INFO: Run Behavior\ShowPageTraceBehavior [ RunTime:0.000829s ]
INFO: [ app_end ] --END-- [ RunTime:0.000860s ]

[ 2019-03-03T10:49:56+08:00 ] ::1 /xinlida/index.php/Home/Index/news/id/7.html
INFO: [ app_init ] --START--
INFO: Run Behavior\BuildLiteBehavior [ RunTime:0.000012s ]
INFO: [ app_init ] --END-- [ RunTime:0.000523s ]
INFO: [ app_begin ] --START--
INFO: Run Behavior\ReadHtmlCacheBehavior [ RunTime:0.000705s ]
INFO: [ app_begin ] --END-- [ RunTime:0.000751s ]
SQL: SHOW COLUMNS FROM `xld_fenlei` [ RunTime:0.0049s ]
SQL: SHOW COLUMNS FROM `xld_config` [ RunTime:0.0051s ]
SQL: SHOW COLUMNS FROM `xld_picture` [ RunTime:0.0054s ]
SQL: SHOW COLUMNS FROM `xld_picture` [ RunTime:0.0049s ]
SQL: SELECT * FROM `xld_picture`  [ RunTime:0.0003s ]
SQL: SHOW COLUMNS FROM `xld_fenlei` [ RunTime:0.0067s ]
SQL: SELECT * FROM `xld_fenlei`  [ RunTime:0.0004s ]
SQL: SHOW COLUMNS FROM `xld_config` [ RunTime:0.0048s ]
SQL: SELECT * FROM `xld_config` WHERE ( id = 1 ) LIMIT 1   [ RunTime:0.0003s ]
NOTIC: [8] Use of undefined constant id - assumed 'id' D:\phpStudy\PHPTutorial\WWW\xinlida\Application\Home\Controller\IndexController.class.php 第 126 行.
SQL: SHOW COLUMNS FROM `xld_article` [ RunTime:0.0050s ]
SQL: SHOW COLUMNS FROM `xld_article` [ RunTime:0.0051s ]
SQL: SELECT * FROM `xld_article` WHERE `id` = '7' LIMIT 1   [ RunTime:0.0003s ]
INFO: [ view_parse ] --START--
INFO: [ template_filter ] --START--
INFO: Run Behavior\ContentReplaceBehavior [ RunTime:0.000055s ]
INFO: [ template_filter ] --END-- [ RunTime:0.000132s ]
NOTIC: [8] Use of undefined constant url - assumed 'url' D:\phpStudy\PHPTutorial\WWW\xinlida\Application\Runtime\Cache\Home\cecb45903f8aa0e33f62e7ce7ef7b49f.php 第 20 行.
NOTIC: [8] Use of undefined constant url - assumed 'url' D:\phpStudy\PHPTutorial\WWW\xinlida\Application\Runtime\Cache\Home\cecb45903f8aa0e33f62e7ce7ef7b49f.php 第 38 行.
INFO: Run Behavior\ParseTemplateBehavior [ RunTime:0.010136s ]
INFO: [ view_parse ] --END-- [ RunTime:0.010193s ]
INFO: [ view_filter ] --START--
INFO: Run Behavior\WriteHtmlCacheBehavior [ RunTime:0.000743s ]
INFO: [ view_filter ] --END-- [ RunTime:0.000797s ]
INFO: [ app_end ] --START--
INFO: Run Behavior\ShowPageTraceBehavior [ RunTime:0.000844s ]
INFO: [ app_end ] --END-- [ RunTime:0.000878s ]

[ 2019-03-03T10:50:32+08:00 ] ::1 /xinlida/index.php/Home/Index/news/id/7.html
INFO: [ app_init ] --START--
INFO: Run Behavior\BuildLiteBehavior [ RunTime:0.000025s ]
INFO: [ app_init ] --END-- [ RunTime:0.000724s ]
INFO: [ app_begin ] --START--
INFO: Run Behavior\ReadHtmlCacheBehavior [ RunTime:0.002193s ]
INFO: [ app_begin ] --END-- [ RunTime:0.002306s ]
SQL: SHOW COLUMNS FROM `xld_fenlei` [ RunTime:0.0055s ]
SQL: SHOW COLUMNS FROM `xld_config` [ RunTime:0.0097s ]
SQL: SHOW COLUMNS FROM `xld_picture` [ RunTime:0.0043s ]
SQL: SHOW COLUMNS FROM `xld_picture` [ RunTime:0.0044s ]
SQL: SELECT * FROM `xld_picture`  [ RunTime:0.0003s ]
SQL: SHOW COLUMNS FROM `xld_fenlei` [ RunTime:0.0043s ]
SQL: SELECT * FROM `xld_fenlei`  [ RunTime:0.0003s ]
SQL: SHOW COLUMNS FROM `xld_config` [ RunTime:0.0054s ]
SQL: SELECT * FROM `xld_config` WHERE ( id = 1 ) LIMIT 1   [ RunTime:0.0004s ]
NOTIC: [8] Use of undefined constant id - assumed 'id' D:\phpStudy\PHPTutorial\WWW\xinlida\Application\Home\Controller\IndexController.class.php 第 126 行.
SQL: SHOW COLUMNS FROM `xld_article` [ RunTime:0.0046s ]
SQL: SHOW COLUMNS FROM `xld_article` [ RunTime:0.0044s ]
SQL: SELECT * FROM `xld_article` WHERE `id` = '7' LIMIT 1   [ RunTime:0.0004s ]
INFO: [ view_parse ] --START--
INFO: [ template_filter ] --START--
INFO: Run Behavior\ContentReplaceBehavior [ RunTime:0.000043s ]
INFO: [ template_filter ] --END-- [ RunTime:0.000091s ]
NOTIC: [8] Use of undefined constant url - assumed 'url' D:\phpStudy\PHPTutorial\WWW\xinlida\Application\Runtime\Cache\Home\cecb45903f8aa0e33f62e7ce7ef7b49f.php 第 20 行.
NOTIC: [8] Use of undefined constant url - assumed 'url' D:\phpStudy\PHPTutorial\WWW\xinlida\Application\Runtime\Cache\Home\cecb45903f8aa0e33f62e7ce7ef7b49f.php 第 38 行.
INFO: Run Behavior\ParseTemplateBehavior [ RunTime:0.008031s ]
INFO: [ view_parse ] --END-- [ RunTime:0.008088s ]
INFO: [ view_filter ] --START--
INFO: Run Behavior\WriteHtmlCacheBehavior [ RunTime:0.000631s ]
INFO: [ view_filter ] --END-- [ RunTime:0.000664s ]
INFO: [ app_end ] --START--
INFO: Run Behavior\ShowPageTraceBehavior [ RunTime:0.000834s ]
INFO: [ app_end ] --END-- [ RunTime:0.000865s ]

[ 2019-03-03T10:50:33+08:00 ] ::1 /xinlida/index.php/Home/Index/news/id/7.html
INFO: [ app_init ] --START--
INFO: Run Behavior\BuildLiteBehavior [ RunTime:0.000022s ]
INFO: [ app_init ] --END-- [ RunTime:0.000857s ]
INFO: [ app_begin ] --START--
INFO: Run Behavior\ReadHtmlCacheBehavior [ RunTime:0.001188s ]
INFO: [ app_begin ] --END-- [ RunTime:0.001350s ]
SQL: SHOW COLUMNS FROM `xld_fenlei` [ RunTime:0.0067s ]
SQL: SHOW COLUMNS FROM `xld_config` [ RunTime:0.0066s ]
SQL: SHOW COLUMNS FROM `xld_picture` [ RunTime:0.0063s ]
SQL: SHOW COLUMNS FROM `xld_picture` [ RunTime:0.0072s ]
SQL: SELECT * FROM `xld_picture`  [ RunTime:0.0004s ]
SQL: SHOW COLUMNS FROM `xld_fenlei` [ RunTime:0.0062s ]
SQL: SELECT * FROM `xld_fenlei`  [ RunTime:0.0004s ]
SQL: SHOW COLUMNS FROM `xld_config` [ RunTime:0.0062s ]
SQL: SELECT * FROM `xld_config` WHERE ( id = 1 ) LIMIT 1   [ RunTime:0.0006s ]
NOTIC: [8] Use of undefined constant id - assumed 'id' D:\phpStudy\PHPTutorial\WWW\xinlida\Application\Home\Controller\IndexController.class.php 第 126 行.
SQL: SHOW COLUMNS FROM `xld_article` [ RunTime:0.0063s ]
SQL: SHOW COLUMNS FROM `xld_article` [ RunTime:0.0070s ]
SQL: SELECT * FROM `xld_article` WHERE `id` = '7' LIMIT 1   [ RunTime:0.0004s ]
INFO: [ view_parse ] --START--
INFO: [ template_filter ] --START--
INFO: Run Behavior\ContentReplaceBehavior [ RunTime:0.000065s ]
INFO: [ template_filter ] --END-- [ RunTime:0.000216s ]
NOTIC: [8] Use of undefined constant url - assumed 'url' D:\phpStudy\PHPTutorial\WWW\xinlida\Application\Runtime\Cache\Home\cecb45903f8aa0e33f62e7ce7ef7b49f.php 第 20 行.
NOTIC: [8] Use of undefined constant url - assumed 'url' D:\phpStudy\PHPTutorial\WWW\xinlida\Application\Runtime\Cache\Home\cecb45903f8aa0e33f62e7ce7ef7b49f.php 第 38 行.
INFO: Run Behavior\ParseTemplateBehavior [ RunTime:0.011380s ]
INFO: [ view_parse ] --END-- [ RunTime:0.011426s ]
INFO: [ view_filter ] --START--
INFO: Run Behavior\WriteHtmlCacheBehavior [ RunTime:0.000684s ]
INFO: [ view_filter ] --END-- [ RunTime:0.000718s ]
INFO: [ app_end ] --START--
INFO: Run Behavior\ShowPageTraceBehavior [ RunTime:0.000845s ]
INFO: [ app_end ] --END-- [ RunTime:0.000877s ]

[ 2019-03-03T10:50:34+08:00 ] ::1 /xinlida/index.php/Home/Index/news/id/7.html
INFO: [ app_init ] --START--
INFO: Run Behavior\BuildLiteBehavior [ RunTime:0.000012s ]
INFO: [ app_init ] --END-- [ RunTime:0.000601s ]
INFO: [ app_begin ] --START--
INFO: Run Behavior\ReadHtmlCacheBehavior [ RunTime:0.000852s ]
INFO: [ app_begin ] --END-- [ RunTime:0.000912s ]
SQL: SHOW COLUMNS FROM `xld_fenlei` [ RunTime:0.0051s ]
SQL: SHOW COLUMNS FROM `xld_config` [ RunTime:0.0082s ]
SQL: SHOW COLUMNS FROM `xld_picture` [ RunTime:0.0051s ]
SQL: SHOW COLUMNS FROM `xld_picture` [ RunTime:0.0056s ]
SQL: SELECT * FROM `xld_picture`  [ RunTime:0.0003s ]
SQL: SHOW COLUMNS FROM `xld_fenlei` [ RunTime:0.0053s ]
SQL: SELECT * FROM `xld_fenlei`  [ RunTime:0.0003s ]
SQL: SHOW COLUMNS FROM `xld_config` [ RunTime:0.0061s ]
SQL: SELECT * FROM `xld_config` WHERE ( id = 1 ) LIMIT 1   [ RunTime:0.0004s ]
NOTIC: [8] Use of undefined constant id - assumed 'id' D:\phpStudy\PHPTutorial\WWW\xinlida\Application\Home\Controller\IndexController.class.php 第 126 行.
SQL: SHOW COLUMNS FROM `xld_article` [ RunTime:0.0045s ]
SQL: SHOW COLUMNS FROM `xld_article` [ RunTime:0.0049s ]
SQL: SELECT * FROM `xld_article` WHERE `id` = '7' LIMIT 1   [ RunTime:0.0003s ]
INFO: [ view_parse ] --START--
INFO: [ template_filter ] --START--
INFO: Run Behavior\ContentReplaceBehavior [ RunTime:0.000037s ]
INFO: [ template_filter ] --END-- [ RunTime:0.000076s ]
NOTIC: [8] Use of undefined constant url - assumed 'url' D:\phpStudy\PHPTutorial\WWW\xinlida\Application\Runtime\Cache\Home\cecb45903f8aa0e33f62e7ce7ef7b49f.php 第 20 行.
NOTIC: [8] Use of undefined constant url - assumed 'url' D:\phpStudy\PHPTutorial\WWW\xinlida\Application\Runtime\Cache\Home\cecb45903f8aa0e33f62e7ce7ef7b49f.php 第 38 行.
INFO: Run Behavior\ParseTemplateBehavior [ RunTime:0.008876s ]
INFO: [ view_parse ] --END-- [ RunTime:0.008915s ]
INFO: [ view_filter ] --START--
INFO: Run Behavior\WriteHtmlCacheBehavior [ RunTime:0.000644s ]
INFO: [ view_filter ] --END-- [ RunTime:0.000675s ]
INFO: [ app_end ] --START--
INFO: Run Behavior\ShowPageTraceBehavior [ RunTime:0.000814s ]
INFO: [ app_end ] --END-- [ RunTime:0.000845s ]

[ 2019-03-03T10:50:34+08:00 ] ::1 /xinlida/index.php/Home/Index/news/id/7.html
INFO: [ app_init ] --START--
INFO: Run Behavior\BuildLiteBehavior [ RunTime:0.000017s ]
INFO: [ app_init ] --END-- [ RunTime:0.000718s ]
INFO: [ app_begin ] --START--
INFO: Run Behavior\ReadHtmlCacheBehavior [ RunTime:0.001365s ]
INFO: [ app_begin ] --END-- [ RunTime:0.001451s ]
SQL: SHOW COLUMNS FROM `xld_fenlei` [ RunTime:0.0067s ]
SQL: SHOW COLUMNS FROM `xld_config` [ RunTime:0.0066s ]
SQL: SHOW COLUMNS FROM `xld_picture` [ RunTime:0.0072s ]
SQL: SHOW COLUMNS FROM `xld_picture` [ RunTime:0.0078s ]
SQL: SELECT * FROM `xld_picture`  [ RunTime:0.0005s ]
SQL: SHOW COLUMNS FROM `xld_fenlei` [ RunTime:0.0065s ]
SQL: SELECT * FROM `xld_fenlei`  [ RunTime:0.0004s ]
SQL: SHOW COLUMNS FROM `xld_config` [ RunTime:0.0068s ]
SQL: SELECT * FROM `xld_config` WHERE ( id = 1 ) LIMIT 1   [ RunTime:0.0008s ]
NOTIC: [8] Use of undefined constant id - assumed 'id' D:\phpStudy\PHPTutorial\WWW\xinlida\Application\Home\Controller\IndexController.class.php 第 126 行.
SQL: SHOW COLUMNS FROM `xld_article` [ RunTime:0.0056s ]
SQL: SHOW COLUMNS FROM `xld_article` [ RunTime:0.0044s ]
SQL: SELECT * FROM `xld_article` WHERE `id` = '7' LIMIT 1   [ RunTime:0.0003s ]
INFO: [ view_parse ] --START--
INFO: [ template_filter ] --START--
INFO: Run Behavior\ContentReplaceBehavior [ RunTime:0.000061s ]
INFO: [ template_filter ] --END-- [ RunTime:0.000131s ]
NOTIC: [8] Use of undefined constant url - assumed 'url' D:\phpStudy\PHPTutorial\WWW\xinlida\Application\Runtime\Cache\Home\cecb45903f8aa0e33f62e7ce7ef7b49f.php 第 20 行.
NOTIC: [8] Use of undefined constant url - assumed 'url' D:\phpStudy\PHPTutorial\WWW\xinlida\Application\Runtime\Cache\Home\cecb45903f8aa0e33f62e7ce7ef7b49f.php 第 38 行.
INFO: Run Behavior\ParseTemplateBehavior [ RunTime:0.009092s ]
INFO: [ view_parse ] --END-- [ RunTime:0.009131s ]
INFO: [ view_filter ] --START--
INFO: Run Behavior\WriteHtmlCacheBehavior [ RunTime:0.000649s ]
INFO: [ view_filter ] --END-- [ RunTime:0.000683s ]
INFO: [ app_end ] --START--
INFO: Run Behavior\ShowPageTraceBehavior [ RunTime:0.000858s ]
INFO: [ app_end ] --END-- [ RunTime:0.000891s ]

[ 2019-03-03T10:51:19+08:00 ] ::1 /xinlida/index.php/Home/Index/news/id/7.html
INFO: [ app_init ] --START--
INFO: Run Behavior\BuildLiteBehavior [ RunTime:0.000016s ]
INFO: [ app_init ] --END-- [ RunTime:0.000719s ]
INFO: [ app_begin ] --START--
INFO: Run Behavior\ReadHtmlCacheBehavior [ RunTime:0.001204s ]
INFO: [ app_begin ] --END-- [ RunTime:0.001277s ]
SQL: SHOW COLUMNS FROM `xld_fenlei` [ RunTime:0.0068s ]
SQL: SHOW COLUMNS FROM `xld_config` [ RunTime:0.0067s ]
SQL: SHOW COLUMNS FROM `xld_picture` [ RunTime:0.0075s ]
SQL: SHOW COLUMNS FROM `xld_picture` [ RunTime:0.0061s ]
SQL: SELECT * FROM `xld_picture`  [ RunTime:0.0004s ]
SQL: SHOW COLUMNS FROM `xld_fenlei` [ RunTime:0.0062s ]
SQL: SELECT * FROM `xld_fenlei`  [ RunTime:0.0007s ]
SQL: SHOW COLUMNS FROM `xld_config` [ RunTime:0.0073s ]
SQL: SELECT * FROM `xld_config` WHERE ( id = 1 ) LIMIT 1   [ RunTime:0.0006s ]
NOTIC: [8] Use of undefined constant id - assumed 'id' D:\phpStudy\PHPTutorial\WWW\xinlida\Application\Home\Controller\IndexController.class.php 第 126 行.
SQL: SHOW COLUMNS FROM `xld_article` [ RunTime:0.0074s ]
SQL: SHOW COLUMNS FROM `xld_article` [ RunTime:0.0077s ]
SQL: SELECT * FROM `xld_article` WHERE `id` = '7' LIMIT 1   [ RunTime:0.0005s ]
INFO: [ view_parse ] --START--
INFO: [ template_filter ] --START--
INFO: Run Behavior\ContentReplaceBehavior [ RunTime:0.000038s ]
INFO: [ template_filter ] --END-- [ RunTime:0.000077s ]
NOTIC: [8] Use of undefined constant url - assumed 'url' D:\phpStudy\PHPTutorial\WWW\xinlida\Application\Runtime\Cache\Home\cecb45903f8aa0e33f62e7ce7ef7b49f.php 第 20 行.
NOTIC: [8] Use of undefined constant url - assumed 'url' D:\phpStudy\PHPTutorial\WWW\xinlida\Application\Runtime\Cache\Home\cecb45903f8aa0e33f62e7ce7ef7b49f.php 第 38 行.
INFO: Run Behavior\ParseTemplateBehavior [ RunTime:0.010509s ]
INFO: [ view_parse ] --END-- [ RunTime:0.010559s ]
INFO: [ view_filter ] --START--
INFO: Run Behavior\WriteHtmlCacheBehavior [ RunTime:0.000661s ]
INFO: [ view_filter ] --END-- [ RunTime:0.000690s ]
INFO: [ app_end ] --START--
INFO: Run Behavior\ShowPageTraceBehavior [ RunTime:0.001045s ]
INFO: [ app_end ] --END-- [ RunTime:0.001156s ]

[ 2019-03-03T10:52:46+08:00 ] ::1 /xinlida/index.php/Home/Index/chanpin/id/11.html
INFO: [ app_init ] --START--
INFO: Run Behavior\BuildLiteBehavior [ RunTime:0.000014s ]
INFO: [ app_init ] --END-- [ RunTime:0.000783s ]
INFO: [ app_begin ] --START--
INFO: Run Behavior\ReadHtmlCacheBehavior [ RunTime:0.000991s ]
INFO: [ app_begin ] --END-- [ RunTime:0.001046s ]
SQL: SHOW COLUMNS FROM `xld_fenlei` [ RunTime:0.0068s ]
SQL: SHOW COLUMNS FROM `xld_config` [ RunTime:0.0050s ]
SQL: SHOW COLUMNS FROM `xld_picture` [ RunTime:0.0047s ]
SQL: SHOW COLUMNS FROM `xld_picture` [ RunTime:0.0074s ]
SQL: SELECT * FROM `xld_picture`  [ RunTime:0.0003s ]
SQL: SHOW COLUMNS FROM `xld_fenlei` [ RunTime:0.0041s ]
SQL: SELECT * FROM `xld_fenlei`  [ RunTime:0.0003s ]
SQL: SHOW COLUMNS FROM `xld_config` [ RunTime:0.0056s ]
SQL: SELECT * FROM `xld_config` WHERE ( id = 1 ) LIMIT 1   [ RunTime:0.0005s ]
SQL: SHOW COLUMNS FROM `xld_product` [ RunTime:0.0094s ]
SQL: SHOW COLUMNS FROM `xld_product` [ RunTime:0.0049s ]
SQL: SELECT * FROM `xld_product` WHERE `id` = '11' LIMIT 1   [ RunTime:0.0003s ]
INFO: [ view_parse ] --START--
INFO: [ template_filter ] --START--
INFO: Run Behavior\ContentReplaceBehavior [ RunTime:0.000044s ]
INFO: [ template_filter ] --END-- [ RunTime:0.000082s ]
NOTIC: [8] Use of undefined constant url - assumed 'url' D:\phpStudy\PHPTutorial\WWW\xinlida\Application\Runtime\Cache\Home\77acd836c64bea4886885b716cc0a818.php 第 20 行.
NOTIC: [8] Use of undefined constant url - assumed 'url' D:\phpStudy\PHPTutorial\WWW\xinlida\Application\Runtime\Cache\Home\77acd836c64bea4886885b716cc0a818.php 第 38 行.
INFO: Run Behavior\ParseTemplateBehavior [ RunTime:0.008265s ]
INFO: [ view_parse ] --END-- [ RunTime:0.008305s ]
INFO: [ view_filter ] --START--
INFO: Run Behavior\WriteHtmlCacheBehavior [ RunTime:0.000621s ]
INFO: [ view_filter ] --END-- [ RunTime:0.000652s ]
INFO: [ app_end ] --START--
INFO: Run Behavior\ShowPageTraceBehavior [ RunTime:0.000837s ]
INFO: [ app_end ] --END-- [ RunTime:0.000888s ]

[ 2019-03-03T11:01:46+08:00 ] ::1 /xinlida/index.php/Home/Index/chanpin/id/11.html
INFO: [ app_init ] --START--
INFO: Run Behavior\BuildLiteBehavior [ RunTime:0.000012s ]
INFO: [ app_init ] --END-- [ RunTime:0.000665s ]
INFO: [ app_begin ] --START--
INFO: Run Behavior\ReadHtmlCacheBehavior [ RunTime:0.000823s ]
INFO: [ app_begin ] --END-- [ RunTime:0.000932s ]
SQL: SHOW COLUMNS FROM `xld_fenlei` [ RunTime:0.0045s ]
SQL: SHOW COLUMNS FROM `xld_config` [ RunTime:0.0067s ]
SQL: SHOW COLUMNS FROM `xld_picture` [ RunTime:0.0115s ]
SQL: SHOW COLUMNS FROM `xld_picture` [ RunTime:0.0053s ]
SQL: SELECT * FROM `xld_picture`  [ RunTime:0.0003s ]
SQL: SHOW COLUMNS FROM `xld_fenlei` [ RunTime:0.0045s ]
SQL: SELECT * FROM `xld_fenlei`  [ RunTime:0.0003s ]
SQL: SHOW COLUMNS FROM `xld_config` [ RunTime:0.0046s ]
SQL: SELECT * FROM `xld_config` WHERE ( id = 1 ) LIMIT 1   [ RunTime:0.0004s ]
SQL: SHOW COLUMNS FROM `xld_product` [ RunTime:0.0064s ]
SQL: SHOW COLUMNS FROM `xld_product` [ RunTime:0.0044s ]
SQL: SELECT * FROM `xld_product` WHERE `id` = '11' LIMIT 1   [ RunTime:0.0003s ]
INFO: [ view_parse ] --START--
INFO: [ template_filter ] --START--
INFO: Run Behavior\ContentReplaceBehavior [ RunTime:0.000052s ]
INFO: [ template_filter ] --END-- [ RunTime:0.000099s ]
NOTIC: [8] Use of undefined constant url - assumed 'url' D:\phpStudy\PHPTutorial\WWW\xinlida\Application\Runtime\Cache\Home\77acd836c64bea4886885b716cc0a818.php 第 20 行.
NOTIC: [8] Use of undefined constant url - assumed 'url' D:\phpStudy\PHPTutorial\WWW\xinlida\Application\Runtime\Cache\Home\77acd836c64bea4886885b716cc0a818.php 第 38 行.
INFO: Run Behavior\ParseTemplateBehavior [ RunTime:0.010564s ]
INFO: [ view_parse ] --END-- [ RunTime:0.010604s ]
INFO: [ view_filter ] --START--
INFO: Run Behavior\WriteHtmlCacheBehavior [ RunTime:0.000659s ]
INFO: [ view_filter ] --END-- [ RunTime:0.000689s ]
INFO: [ app_end ] --START--
INFO: Run Behavior\ShowPageTraceBehavior [ RunTime:0.000849s ]
INFO: [ app_end ] --END-- [ RunTime:0.000885s ]

[ 2019-03-03T11:03:08+08:00 ] ::1 /xinlida/
INFO: [ app_init ] --START--
INFO: Run Behavior\BuildLiteBehavior [ RunTime:0.000013s ]
INFO: [ app_init ] --END-- [ RunTime:0.000566s ]
INFO: [ app_begin ] --START--
INFO: Run Behavior\ReadHtmlCacheBehavior [ RunTime:0.001279s ]
INFO: [ app_begin ] --END-- [ RunTime:0.001351s ]
SQL: SHOW COLUMNS FROM `xld_fenlei` [ RunTime:0.0065s ]
SQL: SHOW COLUMNS FROM `xld_config` [ RunTime:0.0101s ]
SQL: SHOW COLUMNS FROM `xld_picture` [ RunTime:0.0077s ]
SQL: SHOW COLUMNS FROM `xld_picture` [ RunTime:0.0049s ]
SQL: SELECT * FROM `xld_picture`  [ RunTime:0.0005s ]
SQL: SHOW COLUMNS FROM `xld_fenlei` [ RunTime:0.0063s ]
SQL: SELECT * FROM `xld_fenlei`  [ RunTime:0.0005s ]
SQL: SHOW COLUMNS FROM `xld_config` [ RunTime:0.0052s ]
SQL: SELECT * FROM `xld_config` WHERE ( id = 1 ) LIMIT 1   [ RunTime:0.0004s ]
SQL: SHOW COLUMNS FROM `xld_article` [ RunTime:0.0065s ]
SQL: SHOW COLUMNS FROM `xld_article` [ RunTime:0.0060s ]
SQL: SELECT * FROM `xld_article` WHERE `title` = '公司简介' LIMIT 1   [ RunTime:0.0003s ]
SQL: SELECT * FROM `xld_article` WHERE `fenlei` = 0 ORDER BY id DESC LIMIT 6   [ RunTime:0.0002s ]
SQL: SELECT * FROM `xld_article` WHERE `fenlei` = 1 ORDER BY id DESC LIMIT 6   [ RunTime:0.0002s ]
SQL: SELECT * FROM `xld_article` WHERE `fenlei` = 2 ORDER BY id DESC LIMIT 6   [ RunTime:0.0002s ]
SQL: SHOW COLUMNS FROM `xld_product` [ RunTime:0.0053s ]
SQL: SHOW COLUMNS FROM `xld_product` [ RunTime:0.0052s ]
SQL: SELECT * FROM `xld_product`  [ RunTime:0.0003s ]
SQL: SHOW COLUMNS FROM `xld_yqlj` [ RunTime:0.0061s ]
SQL: SHOW COLUMNS FROM `xld_yqlj` [ RunTime:0.0075s ]
SQL: SELECT * FROM `xld_yqlj`  [ RunTime:0.0005s ]
INFO: [ view_parse ] --START--
INFO: [ template_filter ] --START--
INFO: Run Behavior\ContentReplaceBehavior [ RunTime:0.000101s ]
INFO: [ template_filter ] --END-- [ RunTime:0.000191s ]
NOTIC: [8] Use of undefined constant url - assumed 'url' D:\phpStudy\PHPTutorial\WWW\xinlida\Application\Runtime\Cache\Home\2a94b8bda04ff446dcedd42276fc99ee.php 第 23 行.
NOTIC: [8] Use of undefined constant url - assumed 'url' D:\phpStudy\PHPTutorial\WWW\xinlida\Application\Runtime\Cache\Home\2a94b8bda04ff446dcedd42276fc99ee.php 第 41 行.
NOTIC: [8] Use of undefined constant url - assumed 'url' D:\phpStudy\PHPTutorial\WWW\xinlida\Application\Runtime\Cache\Home\2a94b8bda04ff446dcedd42276fc99ee.php 第 60 行.
INFO: Run Behavior\ParseTemplateBehavior [ RunTime:0.023107s ]
INFO: [ view_parse ] --END-- [ RunTime:0.023214s ]
INFO: [ view_filter ] --START--
INFO: Run Behavior\WriteHtmlCacheBehavior [ RunTime:0.000934s ]
INFO: [ view_filter ] --END-- [ RunTime:0.000998s ]
INFO: [ app_end ] --START--
INFO: Run Behavior\ShowPageTraceBehavior [ RunTime:0.001385s ]
INFO: [ app_end ] --END-- [ RunTime:0.001462s ]

[ 2019-03-03T11:03:11+08:00 ] ::1 /xinlida/index.php/Home/Index/kczy.html
INFO: [ app_init ] --START--
INFO: Run Behavior\BuildLiteBehavior [ RunTime:0.000023s ]
INFO: [ app_init ] --END-- [ RunTime:0.000877s ]
INFO: [ app_begin ] --START--
INFO: Run Behavior\ReadHtmlCacheBehavior [ RunTime:0.001243s ]
INFO: [ app_begin ] --END-- [ RunTime:0.001321s ]
SQL: SHOW COLUMNS FROM `xld_fenlei` [ RunTime:0.0056s ]
SQL: SHOW COLUMNS FROM `xld_config` [ RunTime:0.0053s ]
SQL: SHOW COLUMNS FROM `xld_picture` [ RunTime:0.0047s ]
SQL: SHOW COLUMNS FROM `xld_picture` [ RunTime:0.0062s ]
SQL: SELECT * FROM `xld_picture`  [ RunTime:0.0003s ]
SQL: SHOW COLUMNS FROM `xld_fenlei` [ RunTime:0.0049s ]
SQL: SELECT * FROM `xld_fenlei`  [ RunTime:0.0003s ]
SQL: SHOW COLUMNS FROM `xld_config` [ RunTime:0.0062s ]
SQL: SELECT * FROM `xld_config` WHERE ( id = 1 ) LIMIT 1   [ RunTime:0.0013s ]
SQL: SHOW COLUMNS FROM `xld_article` [ RunTime:0.0053s ]
SQL: SHOW COLUMNS FROM `xld_article` [ RunTime:0.0048s ]
SQL: SELECT * FROM `xld_article` WHERE `title` = '库存展示' LIMIT 1   [ RunTime:0.0004s ]
INFO: [ view_parse ] --START--
INFO: [ template_filter ] --START--
INFO: Run Behavior\ContentReplaceBehavior [ RunTime:0.000041s ]
INFO: [ template_filter ] --END-- [ RunTime:0.000083s ]
NOTIC: [8] Use of undefined constant url - assumed 'url' D:\phpStudy\PHPTutorial\WWW\xinlida\Application\Runtime\Cache\Home\e2b38e5e8a52afe04249d674cdad17d1.php 第 20 行.
NOTIC: [8] Use of undefined constant url - assumed 'url' D:\phpStudy\PHPTutorial\WWW\xinlida\Application\Runtime\Cache\Home\e2b38e5e8a52afe04249d674cdad17d1.php 第 38 行.
INFO: Run Behavior\ParseTemplateBehavior [ RunTime:0.011540s ]
INFO: [ view_parse ] --END-- [ RunTime:0.011599s ]
INFO: [ view_filter ] --START--
INFO: Run Behavior\WriteHtmlCacheBehavior [ RunTime:0.000699s ]
INFO: [ view_filter ] --END-- [ RunTime:0.000733s ]
INFO: [ app_end ] --START--
INFO: Run Behavior\ShowPageTraceBehavior [ RunTime:0.000815s ]
INFO: [ app_end ] --END-- [ RunTime:0.000852s ]

[ 2019-03-03T11:03:12+08:00 ] ::1 /xinlida/index.php/Home/Index/hqzx.html
INFO: [ app_init ] --START--
INFO: Run Behavior\BuildLiteBehavior [ RunTime:0.000023s ]
INFO: [ app_init ] --END-- [ RunTime:0.000703s ]
INFO: [ app_begin ] --START--
INFO: Run Behavior\ReadHtmlCacheBehavior [ RunTime:0.001169s ]
INFO: [ app_begin ] --END-- [ RunTime:0.001240s ]
SQL: SHOW COLUMNS FROM `xld_fenlei` [ RunTime:0.0045s ]
SQL: SHOW COLUMNS FROM `xld_config` [ RunTime:0.0069s ]
SQL: SHOW COLUMNS FROM `xld_picture` [ RunTime:0.0048s ]
SQL: SHOW COLUMNS FROM `xld_picture` [ RunTime:0.0061s ]
SQL: SELECT * FROM `xld_picture`  [ RunTime:0.0007s ]
SQL: SHOW COLUMNS FROM `xld_fenlei` [ RunTime:0.0064s ]
SQL: SELECT * FROM `xld_fenlei`  [ RunTime:0.0003s ]
SQL: SHOW COLUMNS FROM `xld_config` [ RunTime:0.0051s ]
SQL: SELECT * FROM `xld_config` WHERE ( id = 1 ) LIMIT 1   [ RunTime:0.0005s ]
SQL: SHOW COLUMNS FROM `xld_article` [ RunTime:0.0063s ]
NOTIC: [8] Undefined index: p D:\phpStudy\PHPTutorial\WWW\xinlida\Application\Home\Controller\IndexController.class.php 第 108 行.
SQL: SELECT * FROM `xld_article` WHERE ( classify = 1 ) ORDER BY id DESC LIMIT 0,10   [ RunTime:0.0005s ]
SQL: SELECT COUNT(*) AS tp_count FROM `xld_article` LIMIT 1   [ RunTime:0.0003s ]
INFO: [ view_parse ] --START--
INFO: [ template_filter ] --START--
INFO: Run Behavior\ContentReplaceBehavior [ RunTime:0.000052s ]
INFO: [ template_filter ] --END-- [ RunTime:0.000107s ]
NOTIC: [8] Use of undefined constant url - assumed 'url' D:\phpStudy\PHPTutorial\WWW\xinlida\Application\Runtime\Cache\Home\5c75b1db8e8ea2368b8be944b5eb1fdb.php 第 20 行.
NOTIC: [8] Use of undefined constant url - assumed 'url' D:\phpStudy\PHPTutorial\WWW\xinlida\Application\Runtime\Cache\Home\5c75b1db8e8ea2368b8be944b5eb1fdb.php 第 40 行.
INFO: Run Behavior\ParseTemplateBehavior [ RunTime:0.012927s ]
INFO: [ view_parse ] --END-- [ RunTime:0.012995s ]
INFO: [ view_filter ] --START--
INFO: Run Behavior\WriteHtmlCacheBehavior [ RunTime:0.000930s ]
INFO: [ view_filter ] --END-- [ RunTime:0.000986s ]
INFO: [ app_end ] --START--
INFO: Run Behavior\ShowPageTraceBehavior [ RunTime:0.001155s ]
INFO: [ app_end ] --END-- [ RunTime:0.001220s ]

[ 2019-03-03T11:03:14+08:00 ] ::1 /xinlida/index.php/Home/Index/news/id/9.html
INFO: [ app_init ] --START--
INFO: Run Behavior\BuildLiteBehavior [ RunTime:0.000017s ]
INFO: [ app_init ] --END-- [ RunTime:0.000676s ]
INFO: [ app_begin ] --START--
INFO: Run Behavior\ReadHtmlCacheBehavior [ RunTime:0.000945s ]
INFO: [ app_begin ] --END-- [ RunTime:0.001016s ]
SQL: SHOW COLUMNS FROM `xld_fenlei` [ RunTime:0.0059s ]
SQL: SHOW COLUMNS FROM `xld_config` [ RunTime:0.0051s ]
SQL: SHOW COLUMNS FROM `xld_picture` [ RunTime:0.0050s ]
SQL: SHOW COLUMNS FROM `xld_picture` [ RunTime:0.0058s ]
SQL: SELECT * FROM `xld_picture`  [ RunTime:0.0005s ]
SQL: SHOW COLUMNS FROM `xld_fenlei` [ RunTime:0.0049s ]
SQL: SELECT * FROM `xld_fenlei`  [ RunTime:0.0003s ]
SQL: SHOW COLUMNS FROM `xld_config` [ RunTime:0.0056s ]
SQL: SELECT * FROM `xld_config` WHERE ( id = 1 ) LIMIT 1   [ RunTime:0.0005s ]
NOTIC: [8] Use of undefined constant id - assumed 'id' D:\phpStudy\PHPTutorial\WWW\xinlida\Application\Home\Controller\IndexController.class.php 第 126 行.
SQL: SHOW COLUMNS FROM `xld_article` [ RunTime:0.0057s ]
SQL: SHOW COLUMNS FROM `xld_article` [ RunTime:0.0059s ]
SQL: SELECT * FROM `xld_article` WHERE `id` = '9' LIMIT 1   [ RunTime:0.0003s ]
INFO: [ view_parse ] --START--
INFO: [ template_filter ] --START--
INFO: Run Behavior\ContentReplaceBehavior [ RunTime:0.000040s ]
INFO: [ template_filter ] --END-- [ RunTime:0.000084s ]
NOTIC: [8] Use of undefined constant url - assumed 'url' D:\phpStudy\PHPTutorial\WWW\xinlida\Application\Runtime\Cache\Home\cecb45903f8aa0e33f62e7ce7ef7b49f.php 第 20 行.
NOTIC: [8] Use of undefined constant url - assumed 'url' D:\phpStudy\PHPTutorial\WWW\xinlida\Application\Runtime\Cache\Home\cecb45903f8aa0e33f62e7ce7ef7b49f.php 第 38 行.
INFO: Run Behavior\ParseTemplateBehavior [ RunTime:0.009478s ]
INFO: [ view_parse ] --END-- [ RunTime:0.009521s ]
INFO: [ view_filter ] --START--
INFO: Run Behavior\WriteHtmlCacheBehavior [ RunTime:0.000647s ]
INFO: [ view_filter ] --END-- [ RunTime:0.000680s ]
INFO: [ app_end ] --START--
INFO: Run Behavior\ShowPageTraceBehavior [ RunTime:0.000819s ]
INFO: [ app_end ] --END-- [ RunTime:0.000852s ]

[ 2019-03-03T11:03:18+08:00 ] ::1 /xinlida/index.php/Home/Index/news/id/7.html
INFO: [ app_init ] --START--
INFO: Run Behavior\BuildLiteBehavior [ RunTime:0.000011s ]
INFO: [ app_init ] --END-- [ RunTime:0.000501s ]
INFO: [ app_begin ] --START--
INFO: Run Behavior\ReadHtmlCacheBehavior [ RunTime:0.000843s ]
INFO: [ app_begin ] --END-- [ RunTime:0.000894s ]
SQL: SHOW COLUMNS FROM `xld_fenlei` [ RunTime:0.0043s ]
SQL: SHOW COLUMNS FROM `xld_config` [ RunTime:0.0074s ]
SQL: SHOW COLUMNS FROM `xld_picture` [ RunTime:0.0048s ]
SQL: SHOW COLUMNS FROM `xld_picture` [ RunTime:0.0043s ]
SQL: SELECT * FROM `xld_picture`  [ RunTime:0.0004s ]
SQL: SHOW COLUMNS FROM `xld_fenlei` [ RunTime:0.0060s ]
SQL: SELECT * FROM `xld_fenlei`  [ RunTime:0.0003s ]
SQL: SHOW COLUMNS FROM `xld_config` [ RunTime:0.0047s ]
SQL: SELECT * FROM `xld_config` WHERE ( id = 1 ) LIMIT 1   [ RunTime:0.0004s ]
NOTIC: [8] Use of undefined constant id - assumed 'id' D:\phpStudy\PHPTutorial\WWW\xinlida\Application\Home\Controller\IndexController.class.php 第 126 行.
SQL: SHOW COLUMNS FROM `xld_article` [ RunTime:0.0061s ]
SQL: SHOW COLUMNS FROM `xld_article` [ RunTime:0.0053s ]
SQL: SELECT * FROM `xld_article` WHERE `id` = '7' LIMIT 1   [ RunTime:0.0003s ]
INFO: [ view_parse ] --START--
INFO: [ template_filter ] --START--
INFO: Run Behavior\ContentReplaceBehavior [ RunTime:0.000038s ]
INFO: [ template_filter ] --END-- [ RunTime:0.000076s ]
NOTIC: [8] Use of undefined constant url - assumed 'url' D:\phpStudy\PHPTutorial\WWW\xinlida\Application\Runtime\Cache\Home\cecb45903f8aa0e33f62e7ce7ef7b49f.php 第 20 行.
NOTIC: [8] Use of undefined constant url - assumed 'url' D:\phpStudy\PHPTutorial\WWW\xinlida\Application\Runtime\Cache\Home\cecb45903f8aa0e33f62e7ce7ef7b49f.php 第 38 行.
INFO: Run Behavior\ParseTemplateBehavior [ RunTime:0.008350s ]
INFO: [ view_parse ] --END-- [ RunTime:0.008395s ]
INFO: [ view_filter ] --START--
INFO: Run Behavior\WriteHtmlCacheBehavior [ RunTime:0.000641s ]
INFO: [ view_filter ] --END-- [ RunTime:0.000672s ]
INFO: [ app_end ] --START--
INFO: Run Behavior\ShowPageTraceBehavior [ RunTime:0.000949s ]
INFO: [ app_end ] --END-- [ RunTime:0.000988s ]

[ 2019-03-03T11:03:31+08:00 ] ::1 /xinlida/index.php/Home/Index/hqzx.html
INFO: [ app_init ] --START--
INFO: Run Behavior\BuildLiteBehavior [ RunTime:0.000014s ]
INFO: [ app_init ] --END-- [ RunTime:0.000490s ]
INFO: [ app_begin ] --START--
INFO: Run Behavior\ReadHtmlCacheBehavior [ RunTime:0.000707s ]
INFO: [ app_begin ] --END-- [ RunTime:0.000746s ]
SQL: SHOW COLUMNS FROM `xld_fenlei` [ RunTime:0.0043s ]
SQL: SHOW COLUMNS FROM `xld_config` [ RunTime:0.0062s ]
SQL: SHOW COLUMNS FROM `xld_picture` [ RunTime:0.0054s ]
SQL: SHOW COLUMNS FROM `xld_picture` [ RunTime:0.0045s ]
SQL: SELECT * FROM `xld_picture`  [ RunTime:0.0003s ]
SQL: SHOW COLUMNS FROM `xld_fenlei` [ RunTime:0.0062s ]
SQL: SELECT * FROM `xld_fenlei`  [ RunTime:0.0003s ]
SQL: SHOW COLUMNS FROM `xld_config` [ RunTime:0.0046s ]
SQL: SELECT * FROM `xld_config` WHERE ( id = 1 ) LIMIT 1   [ RunTime:0.0004s ]
SQL: SHOW COLUMNS FROM `xld_article` [ RunTime:0.0045s ]
NOTIC: [8] Undefined index: p D:\phpStudy\PHPTutorial\WWW\xinlida\Application\Home\Controller\IndexController.class.php 第 108 行.
SQL: SELECT * FROM `xld_article` WHERE ( classify = 1 ) ORDER BY id DESC LIMIT 0,10   [ RunTime:0.0005s ]
SQL: SELECT COUNT(*) AS tp_count FROM `xld_article` LIMIT 1   [ RunTime:0.0004s ]
INFO: [ view_parse ] --START--
INFO: [ template_filter ] --START--
INFO: Run Behavior\ContentReplaceBehavior [ RunTime:0.000039s ]
INFO: [ template_filter ] --END-- [ RunTime:0.000076s ]
NOTIC: [8] Use of undefined constant url - assumed 'url' D:\phpStudy\PHPTutorial\WWW\xinlida\Application\Runtime\Cache\Home\5c75b1db8e8ea2368b8be944b5eb1fdb.php 第 20 行.
NOTIC: [8] Use of undefined constant url - assumed 'url' D:\phpStudy\PHPTutorial\WWW\xinlida\Application\Runtime\Cache\Home\5c75b1db8e8ea2368b8be944b5eb1fdb.php 第 40 行.
INFO: Run Behavior\ParseTemplateBehavior [ RunTime:0.008806s ]
INFO: [ view_parse ] --END-- [ RunTime:0.008852s ]
INFO: [ view_filter ] --START--
INFO: Run Behavior\WriteHtmlCacheBehavior [ RunTime:0.000972s ]
INFO: [ view_filter ] --END-- [ RunTime:0.001016s ]
INFO: [ app_end ] --START--
INFO: Run Behavior\ShowPageTraceBehavior [ RunTime:0.001345s ]
INFO: [ app_end ] --END-- [ RunTime:0.001401s ]

[ 2019-03-03T11:03:33+08:00 ] ::1 /xinlida/index.php/Home/Index/news/id/4.html
INFO: [ app_init ] --START--
INFO: Run Behavior\BuildLiteBehavior [ RunTime:0.000017s ]
INFO: [ app_init ] --END-- [ RunTime:0.000691s ]
INFO: [ app_begin ] --START--
INFO: Run Behavior\ReadHtmlCacheBehavior [ RunTime:0.001049s ]
INFO: [ app_begin ] --END-- [ RunTime:0.001120s ]
SQL: SHOW COLUMNS FROM `xld_fenlei` [ RunTime:0.0043s ]
SQL: SHOW COLUMNS FROM `xld_config` [ RunTime:0.0110s ]
SQL: SHOW COLUMNS FROM `xld_picture` [ RunTime:0.0048s ]
SQL: SHOW COLUMNS FROM `xld_picture` [ RunTime:0.0054s ]
SQL: SELECT * FROM `xld_picture`  [ RunTime:0.0003s ]
SQL: SHOW COLUMNS FROM `xld_fenlei` [ RunTime:0.0049s ]
SQL: SELECT * FROM `xld_fenlei`  [ RunTime:0.0003s ]
SQL: SHOW COLUMNS FROM `xld_config` [ RunTime:0.0052s ]
SQL: SELECT * FROM `xld_config` WHERE ( id = 1 ) LIMIT 1   [ RunTime:0.0004s ]
NOTIC: [8] Use of undefined constant id - assumed 'id' D:\phpStudy\PHPTutorial\WWW\xinlida\Application\Home\Controller\IndexController.class.php 第 126 行.
SQL: SHOW COLUMNS FROM `xld_article` [ RunTime:0.0055s ]
SQL: SHOW COLUMNS FROM `xld_article` [ RunTime:0.0048s ]
SQL: SELECT * FROM `xld_article` WHERE `id` = '4' LIMIT 1   [ RunTime:0.0003s ]
INFO: [ view_parse ] --START--
INFO: [ template_filter ] --START--
INFO: Run Behavior\ContentReplaceBehavior [ RunTime:0.000038s ]
INFO: [ template_filter ] --END-- [ RunTime:0.000078s ]
NOTIC: [8] Use of undefined constant url - assumed 'url' D:\phpStudy\PHPTutorial\WWW\xinlida\Application\Runtime\Cache\Home\cecb45903f8aa0e33f62e7ce7ef7b49f.php 第 20 行.
NOTIC: [8] Use of undefined constant url - assumed 'url' D:\phpStudy\PHPTutorial\WWW\xinlida\Application\Runtime\Cache\Home\cecb45903f8aa0e33f62e7ce7ef7b49f.php 第 38 行.
INFO: Run Behavior\ParseTemplateBehavior [ RunTime:0.009874s ]
INFO: [ view_parse ] --END-- [ RunTime:0.009935s ]
INFO: [ view_filter ] --START--
INFO: Run Behavior\WriteHtmlCacheBehavior [ RunTime:0.000729s ]
INFO: [ view_filter ] --END-- [ RunTime:0.000763s ]
INFO: [ app_end ] --START--
INFO: Run Behavior\ShowPageTraceBehavior [ RunTime:0.000808s ]
INFO: [ app_end ] --END-- [ RunTime:0.000842s ]

