[ 2019-02-28T18:38:16+08:00 ] ::1 /xinlida/index.php/Login/Index/index.html
INFO: [ app_init ] --START--
INFO: Run Behavior\BuildLiteBehavior [ RunTime:0.000012s ]
INFO: [ app_init ] --END-- [ RunTime:0.000493s ]
INFO: [ app_begin ] --START--
INFO: Run Behavior\ReadHtmlCacheBehavior [ RunTime:0.000722s ]
INFO: [ app_begin ] --END-- [ RunTime:0.000772s ]
INFO: [ view_parse ] --START--
INFO: [ template_filter ] --START--
INFO: Run Behavior\ContentReplaceBehavior [ RunTime:0.000035s ]
INFO: [ template_filter ] --END-- [ RunTime:0.000082s ]
INFO: Run Behavior\ParseTemplateBehavior [ RunTime:0.006494s ]
INFO: [ view_parse ] --END-- [ RunTime:0.006545s ]
INFO: [ view_filter ] --START--
INFO: Run Behavior\WriteHtmlCacheBehavior [ RunTime:0.000638s ]
INFO: [ view_filter ] --END-- [ RunTime:0.000672s ]
INFO: [ app_end ] --START--
INFO: Run Behavior\ShowPageTraceBehavior [ RunTime:0.000861s ]
INFO: [ app_end ] --END-- [ RunTime:0.000895s ]

[ 2019-02-28T18:38:24+08:00 ] ::1 /xinlida/index.php/Login/Index/dl.html
INFO: [ app_init ] --START--
INFO: Run Behavior\BuildLiteBehavior [ RunTime:0.000021s ]
INFO: [ app_init ] --END-- [ RunTime:0.000591s ]
INFO: [ app_begin ] --START--
INFO: Run Behavior\ReadHtmlCacheBehavior [ RunTime:0.000733s ]
INFO: [ app_begin ] --END-- [ RunTime:0.000783s ]
NOTIC: [8] Use of undefined constant number - assumed 'number' E:\phpStudy\PHPTutorial\WWW\xinlida\Application\Login\Controller\IndexController.class.php 第 17 行.
NOTIC: [8] Use of undefined constant password - assumed 'password' E:\phpStudy\PHPTutorial\WWW\xinlida\Application\Login\Controller\IndexController.class.php 第 18 行.
SQL: SHOW COLUMNS FROM `xld_user` [ RunTime:0.0073s ]
SQL: SHOW COLUMNS FROM `xld_user` [ RunTime:0.0059s ]
SQL: SELECT * FROM `xld_user` LIMIT 1   [ RunTime:0.0003s ]
NOTIC: [8] Use of undefined constant password - assumed 'password' E:\phpStudy\PHPTutorial\WWW\xinlida\Application\Login\Controller\IndexController.class.php 第 21 行.

